Apr 14 12:18:38 clusterfuck-worker systemd[1]: Starting containerd container runtime...
Apr 14 12:18:38 clusterfuck-worker systemd[1]: Started containerd container runtime.
Apr 14 12:18:38 clusterfuck-worker containerd[101]: time="2023-04-14T12:18:38.955333943Z" level=info msg="starting containerd" revision=941215f4987b5d303cedbbf9f8c9c4fa99b903ff version=v1.6.19-46-g941215f49
Apr 14 12:18:38 clusterfuck-worker containerd[101]: time="2023-04-14T12:18:38.999557699Z" level=info msg="loading plugin \"io.containerd.content.v1.content\"..." type=io.containerd.content.v1
Apr 14 12:18:39 clusterfuck-worker containerd[101]: time="2023-04-14T12:18:39.012501927Z" level=info msg="loading plugin \"io.containerd.snapshotter.v1.aufs\"..." type=io.containerd.snapshotter.v1
Apr 14 12:18:39 clusterfuck-worker containerd[101]: time="2023-04-14T12:18:39.057652725Z" level=info msg="skip loading plugin \"io.containerd.snapshotter.v1.aufs\"..." error="aufs is not supported (modprobe aufs failed: exit status 1 \"modprobe: FATAL: Module aufs not found in directory /lib/modules/5.15.49-linuxkit\\n\"): skip plugin" type=io.containerd.snapshotter.v1
Apr 14 12:18:39 clusterfuck-worker containerd[101]: time="2023-04-14T12:18:39.057767207Z" level=info msg="loading plugin \"io.containerd.snapshotter.v1.btrfs\"..." type=io.containerd.snapshotter.v1
Apr 14 12:18:39 clusterfuck-worker containerd[101]: time="2023-04-14T12:18:39.057962372Z" level=info msg="skip loading plugin \"io.containerd.snapshotter.v1.btrfs\"..." error="path /var/lib/containerd/io.containerd.snapshotter.v1.btrfs (ext4) must be a btrfs filesystem to be used with the btrfs snapshotter: skip plugin" type=io.containerd.snapshotter.v1
Apr 14 12:18:39 clusterfuck-worker containerd[101]: time="2023-04-14T12:18:39.058035842Z" level=info msg="loading plugin \"io.containerd.snapshotter.v1.devmapper\"..." type=io.containerd.snapshotter.v1
Apr 14 12:18:39 clusterfuck-worker containerd[101]: time="2023-04-14T12:18:39.058086933Z" level=warning msg="failed to load plugin io.containerd.snapshotter.v1.devmapper" error="devmapper not configured"
Apr 14 12:18:39 clusterfuck-worker containerd[101]: time="2023-04-14T12:18:39.058132654Z" level=info msg="loading plugin \"io.containerd.snapshotter.v1.native\"..." type=io.containerd.snapshotter.v1
Apr 14 12:18:39 clusterfuck-worker containerd[101]: time="2023-04-14T12:18:39.058193643Z" level=info msg="loading plugin \"io.containerd.snapshotter.v1.overlayfs\"..." type=io.containerd.snapshotter.v1
Apr 14 12:18:39 clusterfuck-worker containerd[101]: time="2023-04-14T12:18:39.059098858Z" level=info msg="loading plugin \"io.containerd.snapshotter.v1.zfs\"..." type=io.containerd.snapshotter.v1
Apr 14 12:18:39 clusterfuck-worker containerd[101]: time="2023-04-14T12:18:39.059335502Z" level=info msg="skip loading plugin \"io.containerd.snapshotter.v1.zfs\"..." error="path /var/lib/containerd/io.containerd.snapshotter.v1.zfs must be a zfs filesystem to be used with the zfs snapshotter: skip plugin" type=io.containerd.snapshotter.v1
Apr 14 12:18:39 clusterfuck-worker containerd[101]: time="2023-04-14T12:18:39.059409724Z" level=info msg="loading plugin \"io.containerd.snapshotter.v1.fuse-overlayfs\"..." type=io.containerd.snapshotter.v1
Apr 14 12:18:39 clusterfuck-worker containerd[101]: time="2023-04-14T12:18:39.065037345Z" level=info msg="loading plugin \"io.containerd.metadata.v1.bolt\"..." type=io.containerd.metadata.v1
Apr 14 12:18:39 clusterfuck-worker containerd[101]: time="2023-04-14T12:18:39.065194439Z" level=warning msg="could not use snapshotter devmapper in metadata plugin" error="devmapper not configured"
Apr 14 12:18:39 clusterfuck-worker containerd[101]: time="2023-04-14T12:18:39.065260520Z" level=info msg="metadata content store policy set" policy=shared
Apr 14 12:18:39 clusterfuck-worker containerd[101]: time="2023-04-14T12:18:39.065801508Z" level=info msg="loading plugin \"io.containerd.differ.v1.walking\"..." type=io.containerd.differ.v1
Apr 14 12:18:39 clusterfuck-worker containerd[101]: time="2023-04-14T12:18:39.071722781Z" level=info msg="loading plugin \"io.containerd.event.v1.exchange\"..." type=io.containerd.event.v1
Apr 14 12:18:39 clusterfuck-worker containerd[101]: time="2023-04-14T12:18:39.071813746Z" level=info msg="loading plugin \"io.containerd.gc.v1.scheduler\"..." type=io.containerd.gc.v1
Apr 14 12:18:39 clusterfuck-worker containerd[101]: time="2023-04-14T12:18:39.071890592Z" level=info msg="loading plugin \"io.containerd.service.v1.introspection-service\"..." type=io.containerd.service.v1
Apr 14 12:18:39 clusterfuck-worker containerd[101]: time="2023-04-14T12:18:39.071951028Z" level=info msg="loading plugin \"io.containerd.service.v1.containers-service\"..." type=io.containerd.service.v1
Apr 14 12:18:39 clusterfuck-worker containerd[101]: time="2023-04-14T12:18:39.072002102Z" level=info msg="loading plugin \"io.containerd.service.v1.content-service\"..." type=io.containerd.service.v1
Apr 14 12:18:39 clusterfuck-worker containerd[101]: time="2023-04-14T12:18:39.072058150Z" level=info msg="loading plugin \"io.containerd.service.v1.diff-service\"..." type=io.containerd.service.v1
Apr 14 12:18:39 clusterfuck-worker containerd[101]: time="2023-04-14T12:18:39.072108332Z" level=info msg="loading plugin \"io.containerd.service.v1.images-service\"..." type=io.containerd.service.v1
Apr 14 12:18:39 clusterfuck-worker containerd[101]: time="2023-04-14T12:18:39.072157135Z" level=info msg="loading plugin \"io.containerd.service.v1.leases-service\"..." type=io.containerd.service.v1
Apr 14 12:18:39 clusterfuck-worker containerd[101]: time="2023-04-14T12:18:39.072203607Z" level=info msg="loading plugin \"io.containerd.service.v1.namespaces-service\"..." type=io.containerd.service.v1
Apr 14 12:18:39 clusterfuck-worker containerd[101]: time="2023-04-14T12:18:39.072254584Z" level=info msg="loading plugin \"io.containerd.service.v1.snapshots-service\"..." type=io.containerd.service.v1
Apr 14 12:18:39 clusterfuck-worker containerd[101]: time="2023-04-14T12:18:39.072302969Z" level=info msg="loading plugin \"io.containerd.runtime.v1.linux\"..." type=io.containerd.runtime.v1
Apr 14 12:18:39 clusterfuck-worker containerd[101]: time="2023-04-14T12:18:39.072388938Z" level=info msg="loading plugin \"io.containerd.runtime.v2.task\"..." type=io.containerd.runtime.v2
Apr 14 12:18:39 clusterfuck-worker containerd[101]: time="2023-04-14T12:18:39.072478364Z" level=info msg="loading plugin \"io.containerd.monitor.v1.cgroups\"..." type=io.containerd.monitor.v1
Apr 14 12:18:39 clusterfuck-worker containerd[101]: time="2023-04-14T12:18:39.072710704Z" level=info msg="loading plugin \"io.containerd.service.v1.tasks-service\"..." type=io.containerd.service.v1
Apr 14 12:18:39 clusterfuck-worker containerd[101]: time="2023-04-14T12:18:39.072776867Z" level=info msg="loading plugin \"io.containerd.grpc.v1.introspection\"..." type=io.containerd.grpc.v1
Apr 14 12:18:39 clusterfuck-worker containerd[101]: time="2023-04-14T12:18:39.072831516Z" level=info msg="loading plugin \"io.containerd.internal.v1.restart\"..." type=io.containerd.internal.v1
Apr 14 12:18:39 clusterfuck-worker containerd[101]: time="2023-04-14T12:18:39.072915099Z" level=info msg="loading plugin \"io.containerd.grpc.v1.containers\"..." type=io.containerd.grpc.v1
Apr 14 12:18:39 clusterfuck-worker containerd[101]: time="2023-04-14T12:18:39.072966957Z" level=info msg="loading plugin \"io.containerd.grpc.v1.content\"..." type=io.containerd.grpc.v1
Apr 14 12:18:39 clusterfuck-worker containerd[101]: time="2023-04-14T12:18:39.073021378Z" level=info msg="loading plugin \"io.containerd.grpc.v1.diff\"..." type=io.containerd.grpc.v1
Apr 14 12:18:39 clusterfuck-worker containerd[101]: time="2023-04-14T12:18:39.073069206Z" level=info msg="loading plugin \"io.containerd.grpc.v1.events\"..." type=io.containerd.grpc.v1
Apr 14 12:18:39 clusterfuck-worker containerd[101]: time="2023-04-14T12:18:39.073115566Z" level=info msg="loading plugin \"io.containerd.grpc.v1.healthcheck\"..." type=io.containerd.grpc.v1
Apr 14 12:18:39 clusterfuck-worker containerd[101]: time="2023-04-14T12:18:39.073166712Z" level=info msg="loading plugin \"io.containerd.grpc.v1.images\"..." type=io.containerd.grpc.v1
Apr 14 12:18:39 clusterfuck-worker containerd[101]: time="2023-04-14T12:18:39.073215286Z" level=info msg="loading plugin \"io.containerd.grpc.v1.leases\"..." type=io.containerd.grpc.v1
Apr 14 12:18:39 clusterfuck-worker containerd[101]: time="2023-04-14T12:18:39.073267834Z" level=info msg="loading plugin \"io.containerd.grpc.v1.namespaces\"..." type=io.containerd.grpc.v1
Apr 14 12:18:39 clusterfuck-worker containerd[101]: time="2023-04-14T12:18:39.073319959Z" level=info msg="loading plugin \"io.containerd.internal.v1.opt\"..." type=io.containerd.internal.v1
Apr 14 12:18:39 clusterfuck-worker containerd[101]: time="2023-04-14T12:18:39.073420239Z" level=info msg="loading plugin \"io.containerd.grpc.v1.snapshots\"..." type=io.containerd.grpc.v1
Apr 14 12:18:39 clusterfuck-worker containerd[101]: time="2023-04-14T12:18:39.073472232Z" level=info msg="loading plugin \"io.containerd.grpc.v1.tasks\"..." type=io.containerd.grpc.v1
Apr 14 12:18:39 clusterfuck-worker containerd[101]: time="2023-04-14T12:18:39.073520854Z" level=info msg="loading plugin \"io.containerd.grpc.v1.version\"..." type=io.containerd.grpc.v1
Apr 14 12:18:39 clusterfuck-worker containerd[101]: time="2023-04-14T12:18:39.073573164Z" level=info msg="loading plugin \"io.containerd.tracing.processor.v1.otlp\"..." type=io.containerd.tracing.processor.v1
Apr 14 12:18:39 clusterfuck-worker containerd[101]: time="2023-04-14T12:18:39.073627562Z" level=info msg="skip loading plugin \"io.containerd.tracing.processor.v1.otlp\"..." error="no OpenTelemetry endpoint: skip plugin" type=io.containerd.tracing.processor.v1
Apr 14 12:18:39 clusterfuck-worker containerd[101]: time="2023-04-14T12:18:39.073674072Z" level=info msg="loading plugin \"io.containerd.internal.v1.tracing\"..." type=io.containerd.internal.v1
Apr 14 12:18:39 clusterfuck-worker containerd[101]: time="2023-04-14T12:18:39.073739090Z" level=error msg="failed to initialize a tracing processor \"otlp\"" error="no OpenTelemetry endpoint: skip plugin"
Apr 14 12:18:39 clusterfuck-worker containerd[101]: time="2023-04-14T12:18:39.073811024Z" level=info msg="loading plugin \"io.containerd.grpc.v1.cri\"..." type=io.containerd.grpc.v1
Apr 14 12:18:39 clusterfuck-worker containerd[101]: time="2023-04-14T12:18:39.074034186Z" level=info msg="Start cri plugin with config {PluginConfig:{ContainerdConfig:{Snapshotter:overlayfs DefaultRuntimeName:runc DefaultRuntime:{Type: Path: Engine: PodAnnotations:[] ContainerAnnotations:[] Root: Options:map[] PrivilegedWithoutHostDevices:false BaseRuntimeSpec: NetworkPluginConfDir: NetworkPluginMaxConfNum:0} UntrustedWorkloadRuntime:{Type: Path: Engine: PodAnnotations:[] ContainerAnnotations:[] Root: Options:map[] PrivilegedWithoutHostDevices:false BaseRuntimeSpec: NetworkPluginConfDir: NetworkPluginMaxConfNum:0} Runtimes:map[runc:{Type:io.containerd.runc.v2 Path: Engine: PodAnnotations:[] ContainerAnnotations:[] Root: Options:map[SystemdCgroup:true] PrivilegedWithoutHostDevices:false BaseRuntimeSpec:/etc/containerd/cri-base.json NetworkPluginConfDir: NetworkPluginMaxConfNum:0} test-handler:{Type:io.containerd.runc.v2 Path: Engine: PodAnnotations:[] ContainerAnnotations:[] Root: Options:map[SystemdCgroup:true] PrivilegedWithoutHostDevices:false BaseRuntimeSpec:/etc/containerd/cri-base.json NetworkPluginConfDir: NetworkPluginMaxConfNum:0}] NoPivot:false DisableSnapshotAnnotations:true DiscardUnpackedLayers:true IgnoreRdtNotEnabledErrors:false} CniConfig:{NetworkPluginBinDir:/opt/cni/bin NetworkPluginConfDir:/etc/cni/net.d NetworkPluginMaxConfNum:1 NetworkPluginConfTemplate: IPPreference:} Registry:{ConfigPath: Mirrors:map[] Configs:map[] Auths:map[] Headers:map[]} ImageDecryption:{KeyModel:node} DisableTCPService:true StreamServerAddress:127.0.0.1 StreamServerPort:0 StreamIdleTimeout:4h0m0s EnableSelinux:false SelinuxCategoryRange:1024 SandboxImage:registry.k8s.io/pause:3.7 StatsCollectPeriod:10 SystemdCgroup:false EnableTLSStreaming:false X509KeyPairStreaming:{TLSCertFile: TLSKeyFile:} MaxContainerLogLineSize:16384 DisableCgroup:false DisableApparmor:false RestrictOOMScoreAdj:false MaxConcurrentDownloads:3 DisableProcMount:false UnsetSeccompProfile: TolerateMissingHugetlbController:true DisableHugetlbController:true DeviceOwnershipFromSecurityContext:false IgnoreImageDefinedVolumes:false NetNSMountsUnderStateDir:false EnableUnprivilegedPorts:false EnableUnprivilegedICMP:false} ContainerdRootDir:/var/lib/containerd ContainerdEndpoint:/run/containerd/containerd.sock RootDir:/var/lib/containerd/io.containerd.grpc.v1.cri StateDir:/run/containerd/io.containerd.grpc.v1.cri}"
Apr 14 12:18:39 clusterfuck-worker containerd[101]: time="2023-04-14T12:18:39.074265808Z" level=info msg="Connect containerd service"
Apr 14 12:18:39 clusterfuck-worker containerd[101]: time="2023-04-14T12:18:39.075190572Z" level=info msg="Get image filesystem path \"/var/lib/containerd/io.containerd.snapshotter.v1.overlayfs\""
Apr 14 12:18:39 clusterfuck-worker containerd[101]: time="2023-04-14T12:18:39.075688950Z" level=error msg="failed to load cni during init, please check CRI plugin status before setting up network for pods" error="cni config load failed: no network config found in /etc/cni/net.d: cni plugin not initialized: failed to load cni config"
Apr 14 12:18:39 clusterfuck-worker containerd[101]: time="2023-04-14T12:18:39.099888968Z" level=info msg="Start subscribing containerd event"
Apr 14 12:18:39 clusterfuck-worker containerd[101]: time="2023-04-14T12:18:39.104138007Z" level=info msg="Start recovering state"
Apr 14 12:18:39 clusterfuck-worker containerd[101]: time="2023-04-14T12:18:39.118615241Z" level=warning msg="The image docker.io/kindest/kindnetd:v20230330-48f316cd@sha256:c19d6362a6a928139820761475a38c24c0cf84d507b9ddf414a078cf627497af is not unpacked."
Apr 14 12:18:39 clusterfuck-worker containerd[101]: time="2023-04-14T12:18:39.128766058Z" level=info msg=serving... address=/run/containerd/containerd.sock.ttrpc
Apr 14 12:18:39 clusterfuck-worker containerd[101]: time="2023-04-14T12:18:39.128972134Z" level=info msg=serving... address=/run/containerd/containerd.sock
Apr 14 12:18:39 clusterfuck-worker containerd[101]: time="2023-04-14T12:18:39.129099252Z" level=info msg="containerd successfully booted in 0.174655s"
Apr 14 12:18:39 clusterfuck-worker containerd[101]: time="2023-04-14T12:18:39.144140155Z" level=warning msg="The image docker.io/kindest/local-path-helper:v20230330-48f316cd@sha256:135203f2441f916fb13dad1561d27f60a6f11f50ec288b01a7d2ee9947c36270 is not unpacked."
Apr 14 12:18:39 clusterfuck-worker containerd[101]: time="2023-04-14T12:18:39.159245792Z" level=warning msg="The image docker.io/kindest/local-path-provisioner:v0.0.23-kind.0@sha256:f2d0a02831ff3a03cf51343226670d5060623b43a4cfc4808bd0875b2c4b9501 is not unpacked."
Apr 14 12:18:39 clusterfuck-worker containerd[101]: time="2023-04-14T12:18:39.163635182Z" level=warning msg="The image import-2023-03-30@sha256:3dd2337f70af979c7362b5e52bbdfcb3a5fd39c78d94d02145150cd2db86ba39 is not unpacked."
Apr 14 12:18:39 clusterfuck-worker containerd[101]: time="2023-04-14T12:18:39.165387988Z" level=warning msg="The image import-2023-03-30@sha256:44db4d50a5f9c8efbac0d37ea974d1c0419a5928f90748d3d491a041a00c20b5 is not unpacked."
Apr 14 12:18:39 clusterfuck-worker containerd[101]: time="2023-04-14T12:18:39.178324351Z" level=warning msg="The image import-2023-03-30@sha256:8dbb345de79d1c44f59a7895da702a5f71997ae72aea056609445c397b0c10dc is not unpacked."
Apr 14 12:18:39 clusterfuck-worker containerd[101]: time="2023-04-14T12:18:39.184279845Z" level=warning msg="The image import-2023-03-30@sha256:ba097b515c8c40689733c0f19de377e9bf8995964b7d7150c2045f3dfd166657 is not unpacked."
Apr 14 12:18:39 clusterfuck-worker containerd[101]: time="2023-04-14T12:18:39.185649260Z" level=warning msg="The image registry.k8s.io/coredns/coredns:v1.9.3 is not unpacked."
Apr 14 12:18:39 clusterfuck-worker containerd[101]: time="2023-04-14T12:18:39.208480932Z" level=warning msg="The image registry.k8s.io/etcd:3.5.6-0 is not unpacked."
Apr 14 12:18:39 clusterfuck-worker containerd[101]: time="2023-04-14T12:18:39.257662640Z" level=warning msg="The image registry.k8s.io/kube-apiserver:v1.26.3 is not unpacked."
Apr 14 12:18:39 clusterfuck-worker containerd[101]: time="2023-04-14T12:18:39.273511505Z" level=warning msg="The image registry.k8s.io/kube-controller-manager:v1.26.3 is not unpacked."
Apr 14 12:18:39 clusterfuck-worker containerd[101]: time="2023-04-14T12:18:39.285627226Z" level=warning msg="The image registry.k8s.io/kube-proxy:v1.26.3 is not unpacked."
Apr 14 12:18:39 clusterfuck-worker containerd[101]: time="2023-04-14T12:18:39.309375313Z" level=warning msg="The image registry.k8s.io/kube-scheduler:v1.26.3 is not unpacked."
Apr 14 12:18:39 clusterfuck-worker containerd[101]: time="2023-04-14T12:18:39.310221981Z" level=warning msg="The image registry.k8s.io/pause:3.7 is not unpacked."
Apr 14 12:18:39 clusterfuck-worker containerd[101]: time="2023-04-14T12:18:39.321571331Z" level=warning msg="The image sha256:221177c6082a88ea4f6240ab2450d540955ac6f4d5454f0e15751b653ebda165 is not unpacked."
Apr 14 12:18:39 clusterfuck-worker containerd[101]: time="2023-04-14T12:18:39.331204626Z" level=warning msg="The image sha256:37af659db0ba1408025ceab0e9344dc354a8f38dd9b39875e48b2ad8e2fc3a51 is not unpacked."
Apr 14 12:18:39 clusterfuck-worker containerd[101]: time="2023-04-14T12:18:39.347295795Z" level=warning msg="The image sha256:5185b96f0becf59032b8e3646e99f84d9655dff3ac9e2605e0dc77f9c441ae4a is not unpacked."
Apr 14 12:18:39 clusterfuck-worker containerd[101]: time="2023-04-14T12:18:39.355798394Z" level=warning msg="The image sha256:801fc1f38fa6cb63d4f64438ed884330e86e4be7504f33702e8edcd6fd2118a8 is not unpacked."
Apr 14 12:18:39 clusterfuck-worker containerd[101]: time="2023-04-14T12:18:39.372504373Z" level=warning msg="The image sha256:a329ae3c2c52fe00e9c4eaf48b081cd184ee4bf9aea059e497f4965f0a8deedb is not unpacked."
Apr 14 12:18:39 clusterfuck-worker containerd[101]: time="2023-04-14T12:18:39.389442057Z" level=warning msg="The image sha256:c408b2276bb76627a6f633bf0d26052c208ebd51681c6c89866cc9647471c0bc is not unpacked."
Apr 14 12:18:39 clusterfuck-worker containerd[101]: time="2023-04-14T12:18:39.410231513Z" level=warning msg="The image sha256:cb77c367deebf699996aef822193e3630ce0fe9202b04f809214ff531718fe47 is not unpacked."
Apr 14 12:18:39 clusterfuck-worker containerd[101]: time="2023-04-14T12:18:39.423345075Z" level=warning msg="The image sha256:dec886d0664924af97d276417712f4a065af16e8696ea66afc5a09799e137f8e is not unpacked."
Apr 14 12:18:39 clusterfuck-worker containerd[101]: time="2023-04-14T12:18:39.423812104Z" level=warning msg="The image sha256:eb3079d47a23af78d9b29f246a472fd77838412611e8ccb980a911b34663cc12 is not unpacked."
Apr 14 12:18:39 clusterfuck-worker containerd[101]: time="2023-04-14T12:18:39.424537680Z" level=warning msg="The image sha256:fce326961ae2d51a5f726883fd59d2a8c2ccc3e45d3bb859882db58e422e59e7 is not unpacked."
Apr 14 12:18:39 clusterfuck-worker containerd[101]: time="2023-04-14T12:18:39.425358588Z" level=info msg="Start event monitor"
Apr 14 12:18:39 clusterfuck-worker containerd[101]: time="2023-04-14T12:18:39.425413100Z" level=info msg="Start snapshots syncer"
Apr 14 12:18:39 clusterfuck-worker containerd[101]: time="2023-04-14T12:18:39.425474163Z" level=info msg="Start cni network conf syncer for default"
Apr 14 12:18:39 clusterfuck-worker containerd[101]: time="2023-04-14T12:18:39.425483284Z" level=info msg="Start streaming server"
Apr 14 12:19:36 clusterfuck-worker containerd[101]: time="2023-04-14T12:19:36.008051110Z" level=info msg="No cni config template is specified, wait for other system components to drop the config."
Apr 14 12:19:37 clusterfuck-worker containerd[101]: time="2023-04-14T12:19:37.139955186Z" level=info msg="RunPodSandbox for &PodSandboxMetadata{Name:kube-proxy-5rl5l,Uid:f47fe42a-4ef2-46ea-9522-149345356f8c,Namespace:kube-system,Attempt:0,}"
Apr 14 12:19:37 clusterfuck-worker containerd[101]: time="2023-04-14T12:19:37.183635768Z" level=info msg="loading plugin \"io.containerd.event.v1.publisher\"..." runtime=io.containerd.runc.v2 type=io.containerd.event.v1
Apr 14 12:19:37 clusterfuck-worker containerd[101]: time="2023-04-14T12:19:37.183780498Z" level=info msg="loading plugin \"io.containerd.internal.v1.shutdown\"..." runtime=io.containerd.runc.v2 type=io.containerd.internal.v1
Apr 14 12:19:37 clusterfuck-worker containerd[101]: time="2023-04-14T12:19:37.183791669Z" level=info msg="loading plugin \"io.containerd.ttrpc.v1.task\"..." runtime=io.containerd.runc.v2 type=io.containerd.ttrpc.v1
Apr 14 12:19:37 clusterfuck-worker containerd[101]: time="2023-04-14T12:19:37.184073151Z" level=info msg="starting signal loop" namespace=k8s.io path=/run/containerd/io.containerd.runtime.v2.task/k8s.io/bd0cc0699a1e825ff08be712bf1704fdb314862936725b8bf91dd46a36af2132 pid=274 runtime=io.containerd.runc.v2
Apr 14 12:19:37 clusterfuck-worker containerd[101]: time="2023-04-14T12:19:37.256912050Z" level=info msg="RunPodSandbox for &PodSandboxMetadata{Name:kube-proxy-5rl5l,Uid:f47fe42a-4ef2-46ea-9522-149345356f8c,Namespace:kube-system,Attempt:0,} returns sandbox id \"bd0cc0699a1e825ff08be712bf1704fdb314862936725b8bf91dd46a36af2132\""
Apr 14 12:19:37 clusterfuck-worker containerd[101]: time="2023-04-14T12:19:37.262744051Z" level=info msg="CreateContainer within sandbox \"bd0cc0699a1e825ff08be712bf1704fdb314862936725b8bf91dd46a36af2132\" for container &ContainerMetadata{Name:kube-proxy,Attempt:0,}"
Apr 14 12:19:37 clusterfuck-worker containerd[101]: time="2023-04-14T12:19:37.444408112Z" level=info msg="RunPodSandbox for &PodSandboxMetadata{Name:kindnet-hzbqg,Uid:5d95b121-091f-4390-a8b2-080477dccebe,Namespace:kube-system,Attempt:0,}"
Apr 14 12:19:37 clusterfuck-worker containerd[101]: time="2023-04-14T12:19:37.488623568Z" level=info msg="loading plugin \"io.containerd.event.v1.publisher\"..." runtime=io.containerd.runc.v2 type=io.containerd.event.v1
Apr 14 12:19:37 clusterfuck-worker containerd[101]: time="2023-04-14T12:19:37.488855752Z" level=info msg="loading plugin \"io.containerd.internal.v1.shutdown\"..." runtime=io.containerd.runc.v2 type=io.containerd.internal.v1
Apr 14 12:19:37 clusterfuck-worker containerd[101]: time="2023-04-14T12:19:37.488871624Z" level=info msg="loading plugin \"io.containerd.ttrpc.v1.task\"..." runtime=io.containerd.runc.v2 type=io.containerd.ttrpc.v1
Apr 14 12:19:37 clusterfuck-worker containerd[101]: time="2023-04-14T12:19:37.489273206Z" level=info msg="starting signal loop" namespace=k8s.io path=/run/containerd/io.containerd.runtime.v2.task/k8s.io/8d13529c2f0ad4b72c899934e3ee7c0bbf162ba1b11b8d79baa6f0b7e8657308 pid=317 runtime=io.containerd.runc.v2
Apr 14 12:19:37 clusterfuck-worker containerd[101]: time="2023-04-14T12:19:37.829708148Z" level=info msg="RunPodSandbox for &PodSandboxMetadata{Name:kindnet-hzbqg,Uid:5d95b121-091f-4390-a8b2-080477dccebe,Namespace:kube-system,Attempt:0,} returns sandbox id \"8d13529c2f0ad4b72c899934e3ee7c0bbf162ba1b11b8d79baa6f0b7e8657308\""
Apr 14 12:19:37 clusterfuck-worker containerd[101]: time="2023-04-14T12:19:37.834865711Z" level=info msg="PullImage \"docker.io/kindest/kindnetd:v20230330-48f316cd@sha256:c19d6362a6a928139820761475a38c24c0cf84d507b9ddf414a078cf627497af\""
Apr 14 12:19:38 clusterfuck-worker containerd[101]: time="2023-04-14T12:19:38.122462186Z" level=info msg="CreateContainer within sandbox \"bd0cc0699a1e825ff08be712bf1704fdb314862936725b8bf91dd46a36af2132\" for &ContainerMetadata{Name:kube-proxy,Attempt:0,} returns container id \"99028068c516eb243a138d2361e32c66ea0259a34c913fe79068a8866d625c90\""
Apr 14 12:19:38 clusterfuck-worker containerd[101]: time="2023-04-14T12:19:38.124598355Z" level=info msg="StartContainer for \"99028068c516eb243a138d2361e32c66ea0259a34c913fe79068a8866d625c90\""
Apr 14 12:19:38 clusterfuck-worker containerd[101]: time="2023-04-14T12:19:38.235938438Z" level=info msg="StartContainer for \"99028068c516eb243a138d2361e32c66ea0259a34c913fe79068a8866d625c90\" returns successfully"
Apr 14 12:19:40 clusterfuck-worker containerd[101]: time="2023-04-14T12:19:40.102679843Z" level=info msg="ImageCreate event &ImageCreate{Name:docker.io/kindest/kindnetd@sha256:c19d6362a6a928139820761475a38c24c0cf84d507b9ddf414a078cf627497af,Labels:map[string]string{io.cri-containerd.image: managed,},XXX_unrecognized:[],}"
Apr 14 12:19:40 clusterfuck-worker containerd[101]: time="2023-04-14T12:19:40.105302796Z" level=info msg="ImageUpdate event &ImageUpdate{Name:sha256:a329ae3c2c52fe00e9c4eaf48b081cd184ee4bf9aea059e497f4965f0a8deedb,Labels:map[string]string{io.cri-containerd.image: managed,},XXX_unrecognized:[],}"
Apr 14 12:19:40 clusterfuck-worker containerd[101]: time="2023-04-14T12:19:40.108072565Z" level=info msg="ImageUpdate event &ImageUpdate{Name:docker.io/kindest/kindnetd@sha256:c19d6362a6a928139820761475a38c24c0cf84d507b9ddf414a078cf627497af,Labels:map[string]string{io.cri-containerd.image: managed,},XXX_unrecognized:[],}"
Apr 14 12:19:40 clusterfuck-worker containerd[101]: time="2023-04-14T12:19:40.108370679Z" level=info msg="PullImage \"docker.io/kindest/kindnetd:v20230330-48f316cd@sha256:c19d6362a6a928139820761475a38c24c0cf84d507b9ddf414a078cf627497af\" returns image reference \"sha256:a329ae3c2c52fe00e9c4eaf48b081cd184ee4bf9aea059e497f4965f0a8deedb\""
Apr 14 12:19:40 clusterfuck-worker containerd[101]: time="2023-04-14T12:19:40.111195867Z" level=info msg="CreateContainer within sandbox \"8d13529c2f0ad4b72c899934e3ee7c0bbf162ba1b11b8d79baa6f0b7e8657308\" for container &ContainerMetadata{Name:kindnet-cni,Attempt:0,}"
Apr 14 12:19:40 clusterfuck-worker containerd[101]: time="2023-04-14T12:19:40.125364277Z" level=info msg="CreateContainer within sandbox \"8d13529c2f0ad4b72c899934e3ee7c0bbf162ba1b11b8d79baa6f0b7e8657308\" for &ContainerMetadata{Name:kindnet-cni,Attempt:0,} returns container id \"c21dff5e7d17d04f00f4db1fad34b95248cbe0842a7f13d22c34a686845c6c9e\""
Apr 14 12:19:40 clusterfuck-worker containerd[101]: time="2023-04-14T12:19:40.126501672Z" level=info msg="StartContainer for \"c21dff5e7d17d04f00f4db1fad34b95248cbe0842a7f13d22c34a686845c6c9e\""
Apr 14 12:19:40 clusterfuck-worker containerd[101]: time="2023-04-14T12:19:40.530457518Z" level=info msg="StartContainer for \"c21dff5e7d17d04f00f4db1fad34b95248cbe0842a7f13d22c34a686845c6c9e\" returns successfully"
Apr 14 12:19:41 clusterfuck-worker containerd[101]: time="2023-04-14T12:19:41.115017160Z" level=error msg="failed to reload cni configuration after receiving fs change event(\"/etc/cni/net.d/10-kindnet.conflist.temp\": WRITE)" error="cni config load failed: no network config found in /etc/cni/net.d: cni plugin not initialized: failed to load cni config"
Apr 14 12:19:41 clusterfuck-worker containerd[101]: time="2023-04-14T12:19:41.115140524Z" level=error msg="failed to reload cni configuration after receiving fs change event(\"/etc/cni/net.d/10-kindnet.conflist.temp\": WRITE)" error="cni config load failed: no network config found in /etc/cni/net.d: cni plugin not initialized: failed to load cni config"
Apr 14 12:19:41 clusterfuck-worker containerd[101]: time="2023-04-14T12:19:41.115193332Z" level=error msg="failed to reload cni configuration after receiving fs change event(\"/etc/cni/net.d/10-kindnet.conflist.temp\": WRITE)" error="cni config load failed: no network config found in /etc/cni/net.d: cni plugin not initialized: failed to load cni config"
Apr 14 12:19:41 clusterfuck-worker containerd[101]: time="2023-04-14T12:19:41.115284011Z" level=error msg="failed to reload cni configuration after receiving fs change event(\"/etc/cni/net.d/10-kindnet.conflist.temp\": WRITE)" error="cni config load failed: no network config found in /etc/cni/net.d: cni plugin not initialized: failed to load cni config"
Apr 14 12:19:41 clusterfuck-worker containerd[101]: time="2023-04-14T12:19:41.115330326Z" level=error msg="failed to reload cni configuration after receiving fs change event(\"/etc/cni/net.d/10-kindnet.conflist.temp\": WRITE)" error="cni config load failed: no network config found in /etc/cni/net.d: cni plugin not initialized: failed to load cni config"
Apr 14 12:19:41 clusterfuck-worker containerd[101]: time="2023-04-14T12:19:41.115794906Z" level=error msg="failed to reload cni configuration after receiving fs change event(\"/etc/cni/net.d/10-kindnet.conflist.temp\": WRITE)" error="cni config load failed: no network config found in /etc/cni/net.d: cni plugin not initialized: failed to load cni config"
Apr 14 12:19:41 clusterfuck-worker containerd[101]: time="2023-04-14T12:19:41.115906505Z" level=error msg="failed to reload cni configuration after receiving fs change event(\"/etc/cni/net.d/10-kindnet.conflist.temp\": WRITE)" error="cni config load failed: no network config found in /etc/cni/net.d: cni plugin not initialized: failed to load cni config"
Apr 14 12:19:41 clusterfuck-worker containerd[101]: time="2023-04-14T12:19:41.116039845Z" level=error msg="failed to reload cni configuration after receiving fs change event(\"/etc/cni/net.d/10-kindnet.conflist.temp\": WRITE)" error="cni config load failed: no network config found in /etc/cni/net.d: cni plugin not initialized: failed to load cni config"
Apr 14 12:19:41 clusterfuck-worker containerd[101]: time="2023-04-14T12:19:41.116131934Z" level=error msg="failed to reload cni configuration after receiving fs change event(\"/etc/cni/net.d/10-kindnet.conflist.temp\": WRITE)" error="cni config load failed: no network config found in /etc/cni/net.d: cni plugin not initialized: failed to load cni config"
Apr 14 12:19:41 clusterfuck-worker containerd[101]: time="2023-04-14T12:19:41.116389046Z" level=error msg="failed to reload cni configuration after receiving fs change event(\"/etc/cni/net.d/10-kindnet.conflist.temp\": WRITE)" error="cni config load failed: no network config found in /etc/cni/net.d: cni plugin not initialized: failed to load cni config"
Apr 14 12:19:41 clusterfuck-worker containerd[101]: time="2023-04-14T12:19:41.116493908Z" level=error msg="failed to reload cni configuration after receiving fs change event(\"/etc/cni/net.d/10-kindnet.conflist.temp\": WRITE)" error="cni config load failed: no network config found in /etc/cni/net.d: cni plugin not initialized: failed to load cni config"
Apr 14 12:19:41 clusterfuck-worker containerd[101]: time="2023-04-14T12:19:41.116598042Z" level=error msg="failed to reload cni configuration after receiving fs change event(\"/etc/cni/net.d/10-kindnet.conflist.temp\": WRITE)" error="cni config load failed: no network config found in /etc/cni/net.d: cni plugin not initialized: failed to load cni config"
Apr 14 12:19:41 clusterfuck-worker containerd[101]: time="2023-04-14T12:19:41.116904450Z" level=error msg="failed to reload cni configuration after receiving fs change event(\"/etc/cni/net.d/10-kindnet.conflist.temp\": WRITE)" error="cni config load failed: no network config found in /etc/cni/net.d: cni plugin not initialized: failed to load cni config"
Apr 14 12:19:41 clusterfuck-worker containerd[101]: time="2023-04-14T12:19:41.116981865Z" level=error msg="failed to reload cni configuration after receiving fs change event(\"/etc/cni/net.d/10-kindnet.conflist.temp\": WRITE)" error="cni config load failed: no network config found in /etc/cni/net.d: cni plugin not initialized: failed to load cni config"
Apr 14 12:19:41 clusterfuck-worker containerd[101]: time="2023-04-14T12:19:41.117057639Z" level=error msg="failed to reload cni configuration after receiving fs change event(\"/etc/cni/net.d/10-kindnet.conflist.temp\": WRITE)" error="cni config load failed: no network config found in /etc/cni/net.d: cni plugin not initialized: failed to load cni config"
Apr 14 13:13:55 clusterfuck-worker containerd[101]: time="2023-04-14T13:13:55.446755592Z" level=info msg="RunPodSandbox for &PodSandboxMetadata{Name:kubernetes-bootcamp-5485cc6795-gmn5x,Uid:606ce435-627e-4e76-b8db-0ba5f5fb96bf,Namespace:default,Attempt:0,}"
Apr 14 13:13:55 clusterfuck-worker containerd[101]: time="2023-04-14T13:13:55.491507326Z" level=info msg="loading plugin \"io.containerd.event.v1.publisher\"..." runtime=io.containerd.runc.v2 type=io.containerd.event.v1
Apr 14 13:13:55 clusterfuck-worker containerd[101]: time="2023-04-14T13:13:55.491563896Z" level=info msg="loading plugin \"io.containerd.internal.v1.shutdown\"..." runtime=io.containerd.runc.v2 type=io.containerd.internal.v1
Apr 14 13:13:55 clusterfuck-worker containerd[101]: time="2023-04-14T13:13:55.491573840Z" level=info msg="loading plugin \"io.containerd.ttrpc.v1.task\"..." runtime=io.containerd.runc.v2 type=io.containerd.ttrpc.v1
Apr 14 13:13:55 clusterfuck-worker containerd[101]: time="2023-04-14T13:13:55.492219077Z" level=info msg="starting signal loop" namespace=k8s.io path=/run/containerd/io.containerd.runtime.v2.task/k8s.io/9753b939e2e8542c010c29be1f4a12a3e028acab3cc3f86592f011d19ce8ad41 pid=1156 runtime=io.containerd.runc.v2
Apr 14 13:13:55 clusterfuck-worker containerd[101]: time="2023-04-14T13:13:55.579650827Z" level=info msg="RunPodSandbox for &PodSandboxMetadata{Name:kubernetes-bootcamp-5485cc6795-gmn5x,Uid:606ce435-627e-4e76-b8db-0ba5f5fb96bf,Namespace:default,Attempt:0,} returns sandbox id \"9753b939e2e8542c010c29be1f4a12a3e028acab3cc3f86592f011d19ce8ad41\""
Apr 14 13:13:55 clusterfuck-worker containerd[101]: time="2023-04-14T13:13:55.582659358Z" level=info msg="PullImage \"gcr.io/google-samples/kubernetes-bootcamp:v1\""
Apr 14 13:14:11 clusterfuck-worker containerd[101]: time="2023-04-14T13:14:11.132176622Z" level=info msg="ImageCreate event &ImageCreate{Name:gcr.io/google-samples/kubernetes-bootcamp:v1,Labels:map[string]string{io.cri-containerd.image: managed,},XXX_unrecognized:[],}"
Apr 14 13:14:11 clusterfuck-worker containerd[101]: time="2023-04-14T13:14:11.133991617Z" level=info msg="ImageCreate event &ImageCreate{Name:sha256:8fafd8af70e9aa7c3ab40222ca4fd58050cf3e49cb14a4e7c0f460cd4f78e9fe,Labels:map[string]string{io.cri-containerd.image: managed,},XXX_unrecognized:[],}"
Apr 14 13:14:11 clusterfuck-worker containerd[101]: time="2023-04-14T13:14:11.135304854Z" level=info msg="ImageUpdate event &ImageUpdate{Name:gcr.io/google-samples/kubernetes-bootcamp:v1,Labels:map[string]string{io.cri-containerd.image: managed,},XXX_unrecognized:[],}"
Apr 14 13:14:11 clusterfuck-worker containerd[101]: time="2023-04-14T13:14:11.136875932Z" level=info msg="ImageCreate event &ImageCreate{Name:gcr.io/google-samples/kubernetes-bootcamp@sha256:0d6b8ee63bb57c5f5b6156f446b3bc3b3c143d233037f3a2f00e279c8fcc64af,Labels:map[string]string{io.cri-containerd.image: managed,},XXX_unrecognized:[],}"
Apr 14 13:14:11 clusterfuck-worker containerd[101]: time="2023-04-14T13:14:11.137770743Z" level=info msg="PullImage \"gcr.io/google-samples/kubernetes-bootcamp:v1\" returns image reference \"sha256:8fafd8af70e9aa7c3ab40222ca4fd58050cf3e49cb14a4e7c0f460cd4f78e9fe\""
Apr 14 13:14:11 clusterfuck-worker containerd[101]: time="2023-04-14T13:14:11.143404716Z" level=info msg="CreateContainer within sandbox \"9753b939e2e8542c010c29be1f4a12a3e028acab3cc3f86592f011d19ce8ad41\" for container &ContainerMetadata{Name:kubernetes-bootcamp,Attempt:0,}"
Apr 14 13:14:11 clusterfuck-worker containerd[101]: time="2023-04-14T13:14:11.161823181Z" level=info msg="CreateContainer within sandbox \"9753b939e2e8542c010c29be1f4a12a3e028acab3cc3f86592f011d19ce8ad41\" for &ContainerMetadata{Name:kubernetes-bootcamp,Attempt:0,} returns container id \"94a6543882dc8b4fa56340ac44d8cd1c7f941c97ed1e37b3b593a41772e18279\""
Apr 14 13:14:11 clusterfuck-worker containerd[101]: time="2023-04-14T13:14:11.163015735Z" level=info msg="StartContainer for \"94a6543882dc8b4fa56340ac44d8cd1c7f941c97ed1e37b3b593a41772e18279\""
Apr 14 13:14:11 clusterfuck-worker containerd[101]: time="2023-04-14T13:14:11.293965023Z" level=info msg="StartContainer for \"94a6543882dc8b4fa56340ac44d8cd1c7f941c97ed1e37b3b593a41772e18279\" returns successfully"
