Apr 14 12:18:37 clusterfuck-worker2 systemd[1]: Starting containerd container runtime...
Apr 14 12:18:37 clusterfuck-worker2 systemd[1]: Started containerd container runtime.
Apr 14 12:18:37 clusterfuck-worker2 containerd[101]: time="2023-04-14T12:18:37.669039382Z" level=info msg="starting containerd" revision=941215f4987b5d303cedbbf9f8c9c4fa99b903ff version=v1.6.19-46-g941215f49
Apr 14 12:18:37 clusterfuck-worker2 containerd[101]: time="2023-04-14T12:18:37.866322100Z" level=info msg="loading plugin \"io.containerd.content.v1.content\"..." type=io.containerd.content.v1
Apr 14 12:18:37 clusterfuck-worker2 containerd[101]: time="2023-04-14T12:18:37.867600892Z" level=info msg="loading plugin \"io.containerd.snapshotter.v1.aufs\"..." type=io.containerd.snapshotter.v1
Apr 14 12:18:37 clusterfuck-worker2 containerd[101]: time="2023-04-14T12:18:37.898651014Z" level=info msg="skip loading plugin \"io.containerd.snapshotter.v1.aufs\"..." error="aufs is not supported (modprobe aufs failed: exit status 1 \"modprobe: FATAL: Module aufs not found in directory /lib/modules/5.15.49-linuxkit\\n\"): skip plugin" type=io.containerd.snapshotter.v1
Apr 14 12:18:37 clusterfuck-worker2 containerd[101]: time="2023-04-14T12:18:37.898795978Z" level=info msg="loading plugin \"io.containerd.snapshotter.v1.btrfs\"..." type=io.containerd.snapshotter.v1
Apr 14 12:18:37 clusterfuck-worker2 containerd[101]: time="2023-04-14T12:18:37.899114857Z" level=info msg="skip loading plugin \"io.containerd.snapshotter.v1.btrfs\"..." error="path /var/lib/containerd/io.containerd.snapshotter.v1.btrfs (ext4) must be a btrfs filesystem to be used with the btrfs snapshotter: skip plugin" type=io.containerd.snapshotter.v1
Apr 14 12:18:37 clusterfuck-worker2 containerd[101]: time="2023-04-14T12:18:37.899170270Z" level=info msg="loading plugin \"io.containerd.snapshotter.v1.devmapper\"..." type=io.containerd.snapshotter.v1
Apr 14 12:18:37 clusterfuck-worker2 containerd[101]: time="2023-04-14T12:18:37.899187742Z" level=warning msg="failed to load plugin io.containerd.snapshotter.v1.devmapper" error="devmapper not configured"
Apr 14 12:18:37 clusterfuck-worker2 containerd[101]: time="2023-04-14T12:18:37.899197268Z" level=info msg="loading plugin \"io.containerd.snapshotter.v1.native\"..." type=io.containerd.snapshotter.v1
Apr 14 12:18:37 clusterfuck-worker2 containerd[101]: time="2023-04-14T12:18:37.899223026Z" level=info msg="loading plugin \"io.containerd.snapshotter.v1.overlayfs\"..." type=io.containerd.snapshotter.v1
Apr 14 12:18:37 clusterfuck-worker2 containerd[101]: time="2023-04-14T12:18:37.899548541Z" level=info msg="loading plugin \"io.containerd.snapshotter.v1.zfs\"..." type=io.containerd.snapshotter.v1
Apr 14 12:18:37 clusterfuck-worker2 containerd[101]: time="2023-04-14T12:18:37.900466664Z" level=info msg="skip loading plugin \"io.containerd.snapshotter.v1.zfs\"..." error="path /var/lib/containerd/io.containerd.snapshotter.v1.zfs must be a zfs filesystem to be used with the zfs snapshotter: skip plugin" type=io.containerd.snapshotter.v1
Apr 14 12:18:37 clusterfuck-worker2 containerd[101]: time="2023-04-14T12:18:37.900904350Z" level=info msg="loading plugin \"io.containerd.snapshotter.v1.fuse-overlayfs\"..." type=io.containerd.snapshotter.v1
Apr 14 12:18:37 clusterfuck-worker2 containerd[101]: time="2023-04-14T12:18:37.902655174Z" level=info msg="loading plugin \"io.containerd.metadata.v1.bolt\"..." type=io.containerd.metadata.v1
Apr 14 12:18:37 clusterfuck-worker2 containerd[101]: time="2023-04-14T12:18:37.902703179Z" level=warning msg="could not use snapshotter devmapper in metadata plugin" error="devmapper not configured"
Apr 14 12:18:37 clusterfuck-worker2 containerd[101]: time="2023-04-14T12:18:37.905473245Z" level=info msg="metadata content store policy set" policy=shared
Apr 14 12:18:37 clusterfuck-worker2 containerd[101]: time="2023-04-14T12:18:37.907549622Z" level=info msg="loading plugin \"io.containerd.differ.v1.walking\"..." type=io.containerd.differ.v1
Apr 14 12:18:37 clusterfuck-worker2 containerd[101]: time="2023-04-14T12:18:37.907757189Z" level=info msg="loading plugin \"io.containerd.event.v1.exchange\"..." type=io.containerd.event.v1
Apr 14 12:18:37 clusterfuck-worker2 containerd[101]: time="2023-04-14T12:18:37.907776083Z" level=info msg="loading plugin \"io.containerd.gc.v1.scheduler\"..." type=io.containerd.gc.v1
Apr 14 12:18:37 clusterfuck-worker2 containerd[101]: time="2023-04-14T12:18:37.908046824Z" level=info msg="loading plugin \"io.containerd.service.v1.introspection-service\"..." type=io.containerd.service.v1
Apr 14 12:18:37 clusterfuck-worker2 containerd[101]: time="2023-04-14T12:18:37.908133419Z" level=info msg="loading plugin \"io.containerd.service.v1.containers-service\"..." type=io.containerd.service.v1
Apr 14 12:18:37 clusterfuck-worker2 containerd[101]: time="2023-04-14T12:18:37.908200622Z" level=info msg="loading plugin \"io.containerd.service.v1.content-service\"..." type=io.containerd.service.v1
Apr 14 12:18:37 clusterfuck-worker2 containerd[101]: time="2023-04-14T12:18:37.908317069Z" level=info msg="loading plugin \"io.containerd.service.v1.diff-service\"..." type=io.containerd.service.v1
Apr 14 12:18:37 clusterfuck-worker2 containerd[101]: time="2023-04-14T12:18:37.908345862Z" level=info msg="loading plugin \"io.containerd.service.v1.images-service\"..." type=io.containerd.service.v1
Apr 14 12:18:37 clusterfuck-worker2 containerd[101]: time="2023-04-14T12:18:37.908439113Z" level=info msg="loading plugin \"io.containerd.service.v1.leases-service\"..." type=io.containerd.service.v1
Apr 14 12:18:37 clusterfuck-worker2 containerd[101]: time="2023-04-14T12:18:37.908468198Z" level=info msg="loading plugin \"io.containerd.service.v1.namespaces-service\"..." type=io.containerd.service.v1
Apr 14 12:18:37 clusterfuck-worker2 containerd[101]: time="2023-04-14T12:18:37.908482557Z" level=info msg="loading plugin \"io.containerd.service.v1.snapshots-service\"..." type=io.containerd.service.v1
Apr 14 12:18:37 clusterfuck-worker2 containerd[101]: time="2023-04-14T12:18:37.908495578Z" level=info msg="loading plugin \"io.containerd.runtime.v1.linux\"..." type=io.containerd.runtime.v1
Apr 14 12:18:37 clusterfuck-worker2 containerd[101]: time="2023-04-14T12:18:37.909176451Z" level=info msg="loading plugin \"io.containerd.runtime.v2.task\"..." type=io.containerd.runtime.v2
Apr 14 12:18:37 clusterfuck-worker2 containerd[101]: time="2023-04-14T12:18:37.910148678Z" level=info msg="loading plugin \"io.containerd.monitor.v1.cgroups\"..." type=io.containerd.monitor.v1
Apr 14 12:18:37 clusterfuck-worker2 containerd[101]: time="2023-04-14T12:18:37.910675962Z" level=info msg="loading plugin \"io.containerd.service.v1.tasks-service\"..." type=io.containerd.service.v1
Apr 14 12:18:37 clusterfuck-worker2 containerd[101]: time="2023-04-14T12:18:37.911351296Z" level=info msg="loading plugin \"io.containerd.grpc.v1.introspection\"..." type=io.containerd.grpc.v1
Apr 14 12:18:37 clusterfuck-worker2 containerd[101]: time="2023-04-14T12:18:37.911382296Z" level=info msg="loading plugin \"io.containerd.internal.v1.restart\"..." type=io.containerd.internal.v1
Apr 14 12:18:37 clusterfuck-worker2 containerd[101]: time="2023-04-14T12:18:37.911615068Z" level=info msg="loading plugin \"io.containerd.grpc.v1.containers\"..." type=io.containerd.grpc.v1
Apr 14 12:18:37 clusterfuck-worker2 containerd[101]: time="2023-04-14T12:18:37.911641581Z" level=info msg="loading plugin \"io.containerd.grpc.v1.content\"..." type=io.containerd.grpc.v1
Apr 14 12:18:37 clusterfuck-worker2 containerd[101]: time="2023-04-14T12:18:37.911656408Z" level=info msg="loading plugin \"io.containerd.grpc.v1.diff\"..." type=io.containerd.grpc.v1
Apr 14 12:18:37 clusterfuck-worker2 containerd[101]: time="2023-04-14T12:18:37.911667449Z" level=info msg="loading plugin \"io.containerd.grpc.v1.events\"..." type=io.containerd.grpc.v1
Apr 14 12:18:37 clusterfuck-worker2 containerd[101]: time="2023-04-14T12:18:37.912101592Z" level=info msg="loading plugin \"io.containerd.grpc.v1.healthcheck\"..." type=io.containerd.grpc.v1
Apr 14 12:18:37 clusterfuck-worker2 containerd[101]: time="2023-04-14T12:18:37.912127834Z" level=info msg="loading plugin \"io.containerd.grpc.v1.images\"..." type=io.containerd.grpc.v1
Apr 14 12:18:37 clusterfuck-worker2 containerd[101]: time="2023-04-14T12:18:37.912145555Z" level=info msg="loading plugin \"io.containerd.grpc.v1.leases\"..." type=io.containerd.grpc.v1
Apr 14 12:18:37 clusterfuck-worker2 containerd[101]: time="2023-04-14T12:18:37.912157990Z" level=info msg="loading plugin \"io.containerd.grpc.v1.namespaces\"..." type=io.containerd.grpc.v1
Apr 14 12:18:37 clusterfuck-worker2 containerd[101]: time="2023-04-14T12:18:37.912172716Z" level=info msg="loading plugin \"io.containerd.internal.v1.opt\"..." type=io.containerd.internal.v1
Apr 14 12:18:37 clusterfuck-worker2 containerd[101]: time="2023-04-14T12:18:37.912312412Z" level=info msg="loading plugin \"io.containerd.grpc.v1.snapshots\"..." type=io.containerd.grpc.v1
Apr 14 12:18:37 clusterfuck-worker2 containerd[101]: time="2023-04-14T12:18:37.912383018Z" level=info msg="loading plugin \"io.containerd.grpc.v1.tasks\"..." type=io.containerd.grpc.v1
Apr 14 12:18:37 clusterfuck-worker2 containerd[101]: time="2023-04-14T12:18:37.912399187Z" level=info msg="loading plugin \"io.containerd.grpc.v1.version\"..." type=io.containerd.grpc.v1
Apr 14 12:18:37 clusterfuck-worker2 containerd[101]: time="2023-04-14T12:18:37.912513238Z" level=info msg="loading plugin \"io.containerd.tracing.processor.v1.otlp\"..." type=io.containerd.tracing.processor.v1
Apr 14 12:18:37 clusterfuck-worker2 containerd[101]: time="2023-04-14T12:18:37.912537924Z" level=info msg="skip loading plugin \"io.containerd.tracing.processor.v1.otlp\"..." error="no OpenTelemetry endpoint: skip plugin" type=io.containerd.tracing.processor.v1
Apr 14 12:18:37 clusterfuck-worker2 containerd[101]: time="2023-04-14T12:18:37.912552458Z" level=info msg="loading plugin \"io.containerd.internal.v1.tracing\"..." type=io.containerd.internal.v1
Apr 14 12:18:37 clusterfuck-worker2 containerd[101]: time="2023-04-14T12:18:37.912569387Z" level=error msg="failed to initialize a tracing processor \"otlp\"" error="no OpenTelemetry endpoint: skip plugin"
Apr 14 12:18:37 clusterfuck-worker2 containerd[101]: time="2023-04-14T12:18:37.913341039Z" level=info msg="loading plugin \"io.containerd.grpc.v1.cri\"..." type=io.containerd.grpc.v1
Apr 14 12:18:37 clusterfuck-worker2 containerd[101]: time="2023-04-14T12:18:37.922793019Z" level=info msg="Start cri plugin with config {PluginConfig:{ContainerdConfig:{Snapshotter:overlayfs DefaultRuntimeName:runc DefaultRuntime:{Type: Path: Engine: PodAnnotations:[] ContainerAnnotations:[] Root: Options:map[] PrivilegedWithoutHostDevices:false BaseRuntimeSpec: NetworkPluginConfDir: NetworkPluginMaxConfNum:0} UntrustedWorkloadRuntime:{Type: Path: Engine: PodAnnotations:[] ContainerAnnotations:[] Root: Options:map[] PrivilegedWithoutHostDevices:false BaseRuntimeSpec: NetworkPluginConfDir: NetworkPluginMaxConfNum:0} Runtimes:map[runc:{Type:io.containerd.runc.v2 Path: Engine: PodAnnotations:[] ContainerAnnotations:[] Root: Options:map[SystemdCgroup:true] PrivilegedWithoutHostDevices:false BaseRuntimeSpec:/etc/containerd/cri-base.json NetworkPluginConfDir: NetworkPluginMaxConfNum:0} test-handler:{Type:io.containerd.runc.v2 Path: Engine: PodAnnotations:[] ContainerAnnotations:[] Root: Options:map[SystemdCgroup:true] PrivilegedWithoutHostDevices:false BaseRuntimeSpec:/etc/containerd/cri-base.json NetworkPluginConfDir: NetworkPluginMaxConfNum:0}] NoPivot:false DisableSnapshotAnnotations:true DiscardUnpackedLayers:true IgnoreRdtNotEnabledErrors:false} CniConfig:{NetworkPluginBinDir:/opt/cni/bin NetworkPluginConfDir:/etc/cni/net.d NetworkPluginMaxConfNum:1 NetworkPluginConfTemplate: IPPreference:} Registry:{ConfigPath: Mirrors:map[] Configs:map[] Auths:map[] Headers:map[]} ImageDecryption:{KeyModel:node} DisableTCPService:true StreamServerAddress:127.0.0.1 StreamServerPort:0 StreamIdleTimeout:4h0m0s EnableSelinux:false SelinuxCategoryRange:1024 SandboxImage:registry.k8s.io/pause:3.7 StatsCollectPeriod:10 SystemdCgroup:false EnableTLSStreaming:false X509KeyPairStreaming:{TLSCertFile: TLSKeyFile:} MaxContainerLogLineSize:16384 DisableCgroup:false DisableApparmor:false RestrictOOMScoreAdj:false MaxConcurrentDownloads:3 DisableProcMount:false UnsetSeccompProfile: TolerateMissingHugetlbController:true DisableHugetlbController:true DeviceOwnershipFromSecurityContext:false IgnoreImageDefinedVolumes:false NetNSMountsUnderStateDir:false EnableUnprivilegedPorts:false EnableUnprivilegedICMP:false} ContainerdRootDir:/var/lib/containerd ContainerdEndpoint:/run/containerd/containerd.sock RootDir:/var/lib/containerd/io.containerd.grpc.v1.cri StateDir:/run/containerd/io.containerd.grpc.v1.cri}"
Apr 14 12:18:37 clusterfuck-worker2 containerd[101]: time="2023-04-14T12:18:37.923307563Z" level=info msg="Connect containerd service"
Apr 14 12:18:37 clusterfuck-worker2 containerd[101]: time="2023-04-14T12:18:37.923532519Z" level=info msg="Get image filesystem path \"/var/lib/containerd/io.containerd.snapshotter.v1.overlayfs\""
Apr 14 12:18:37 clusterfuck-worker2 containerd[101]: time="2023-04-14T12:18:37.926382885Z" level=error msg="failed to load cni during init, please check CRI plugin status before setting up network for pods" error="cni config load failed: no network config found in /etc/cni/net.d: cni plugin not initialized: failed to load cni config"
Apr 14 12:18:37 clusterfuck-worker2 containerd[101]: time="2023-04-14T12:18:37.958891309Z" level=info msg="Start subscribing containerd event"
Apr 14 12:18:37 clusterfuck-worker2 containerd[101]: time="2023-04-14T12:18:37.958949961Z" level=info msg="Start recovering state"
Apr 14 12:18:37 clusterfuck-worker2 containerd[101]: time="2023-04-14T12:18:37.972744454Z" level=warning msg="The image docker.io/kindest/kindnetd:v20230330-48f316cd@sha256:c19d6362a6a928139820761475a38c24c0cf84d507b9ddf414a078cf627497af is not unpacked."
Apr 14 12:18:37 clusterfuck-worker2 containerd[101]: time="2023-04-14T12:18:37.975411272Z" level=warning msg="The image docker.io/kindest/local-path-helper:v20230330-48f316cd@sha256:135203f2441f916fb13dad1561d27f60a6f11f50ec288b01a7d2ee9947c36270 is not unpacked."
Apr 14 12:18:37 clusterfuck-worker2 containerd[101]: time="2023-04-14T12:18:37.991313856Z" level=info msg=serving... address=/run/containerd/containerd.sock.ttrpc
Apr 14 12:18:37 clusterfuck-worker2 containerd[101]: time="2023-04-14T12:18:37.991407381Z" level=info msg=serving... address=/run/containerd/containerd.sock
Apr 14 12:18:37 clusterfuck-worker2 containerd[101]: time="2023-04-14T12:18:37.991430888Z" level=info msg="containerd successfully booted in 0.347655s"
Apr 14 12:18:38 clusterfuck-worker2 containerd[101]: time="2023-04-14T12:18:38.005799723Z" level=warning msg="The image docker.io/kindest/local-path-provisioner:v0.0.23-kind.0@sha256:f2d0a02831ff3a03cf51343226670d5060623b43a4cfc4808bd0875b2c4b9501 is not unpacked."
Apr 14 12:18:38 clusterfuck-worker2 containerd[101]: time="2023-04-14T12:18:38.031018339Z" level=warning msg="The image import-2023-03-30@sha256:3dd2337f70af979c7362b5e52bbdfcb3a5fd39c78d94d02145150cd2db86ba39 is not unpacked."
Apr 14 12:18:38 clusterfuck-worker2 containerd[101]: time="2023-04-14T12:18:38.037511594Z" level=warning msg="The image import-2023-03-30@sha256:44db4d50a5f9c8efbac0d37ea974d1c0419a5928f90748d3d491a041a00c20b5 is not unpacked."
Apr 14 12:18:38 clusterfuck-worker2 containerd[101]: time="2023-04-14T12:18:38.046051032Z" level=warning msg="The image import-2023-03-30@sha256:8dbb345de79d1c44f59a7895da702a5f71997ae72aea056609445c397b0c10dc is not unpacked."
Apr 14 12:18:38 clusterfuck-worker2 containerd[101]: time="2023-04-14T12:18:38.052619418Z" level=warning msg="The image import-2023-03-30@sha256:ba097b515c8c40689733c0f19de377e9bf8995964b7d7150c2045f3dfd166657 is not unpacked."
Apr 14 12:18:38 clusterfuck-worker2 containerd[101]: time="2023-04-14T12:18:38.059898064Z" level=warning msg="The image registry.k8s.io/coredns/coredns:v1.9.3 is not unpacked."
Apr 14 12:18:38 clusterfuck-worker2 containerd[101]: time="2023-04-14T12:18:38.089121489Z" level=warning msg="The image registry.k8s.io/etcd:3.5.6-0 is not unpacked."
Apr 14 12:18:38 clusterfuck-worker2 containerd[101]: time="2023-04-14T12:18:38.121270690Z" level=warning msg="The image registry.k8s.io/kube-apiserver:v1.26.3 is not unpacked."
Apr 14 12:18:38 clusterfuck-worker2 containerd[101]: time="2023-04-14T12:18:38.145201827Z" level=warning msg="The image registry.k8s.io/kube-controller-manager:v1.26.3 is not unpacked."
Apr 14 12:18:38 clusterfuck-worker2 containerd[101]: time="2023-04-14T12:18:38.192035714Z" level=warning msg="The image registry.k8s.io/kube-proxy:v1.26.3 is not unpacked."
Apr 14 12:18:38 clusterfuck-worker2 containerd[101]: time="2023-04-14T12:18:38.333220780Z" level=warning msg="The image registry.k8s.io/kube-scheduler:v1.26.3 is not unpacked."
Apr 14 12:18:38 clusterfuck-worker2 containerd[101]: time="2023-04-14T12:18:38.335042859Z" level=warning msg="The image registry.k8s.io/pause:3.7 is not unpacked."
Apr 14 12:18:38 clusterfuck-worker2 containerd[101]: time="2023-04-14T12:18:38.339175628Z" level=warning msg="The image sha256:221177c6082a88ea4f6240ab2450d540955ac6f4d5454f0e15751b653ebda165 is not unpacked."
Apr 14 12:18:38 clusterfuck-worker2 containerd[101]: time="2023-04-14T12:18:38.354423200Z" level=warning msg="The image sha256:37af659db0ba1408025ceab0e9344dc354a8f38dd9b39875e48b2ad8e2fc3a51 is not unpacked."
Apr 14 12:18:38 clusterfuck-worker2 containerd[101]: time="2023-04-14T12:18:38.377140490Z" level=warning msg="The image sha256:5185b96f0becf59032b8e3646e99f84d9655dff3ac9e2605e0dc77f9c441ae4a is not unpacked."
Apr 14 12:18:38 clusterfuck-worker2 containerd[101]: time="2023-04-14T12:18:38.408048864Z" level=warning msg="The image sha256:801fc1f38fa6cb63d4f64438ed884330e86e4be7504f33702e8edcd6fd2118a8 is not unpacked."
Apr 14 12:18:38 clusterfuck-worker2 containerd[101]: time="2023-04-14T12:18:38.421378692Z" level=warning msg="The image sha256:a329ae3c2c52fe00e9c4eaf48b081cd184ee4bf9aea059e497f4965f0a8deedb is not unpacked."
Apr 14 12:18:38 clusterfuck-worker2 containerd[101]: time="2023-04-14T12:18:38.438564057Z" level=warning msg="The image sha256:c408b2276bb76627a6f633bf0d26052c208ebd51681c6c89866cc9647471c0bc is not unpacked."
Apr 14 12:18:38 clusterfuck-worker2 containerd[101]: time="2023-04-14T12:18:38.474776570Z" level=warning msg="The image sha256:cb77c367deebf699996aef822193e3630ce0fe9202b04f809214ff531718fe47 is not unpacked."
Apr 14 12:18:38 clusterfuck-worker2 containerd[101]: time="2023-04-14T12:18:38.499295849Z" level=warning msg="The image sha256:dec886d0664924af97d276417712f4a065af16e8696ea66afc5a09799e137f8e is not unpacked."
Apr 14 12:18:38 clusterfuck-worker2 containerd[101]: time="2023-04-14T12:18:38.524152068Z" level=warning msg="The image sha256:eb3079d47a23af78d9b29f246a472fd77838412611e8ccb980a911b34663cc12 is not unpacked."
Apr 14 12:18:38 clusterfuck-worker2 containerd[101]: time="2023-04-14T12:18:38.553235762Z" level=warning msg="The image sha256:fce326961ae2d51a5f726883fd59d2a8c2ccc3e45d3bb859882db58e422e59e7 is not unpacked."
Apr 14 12:18:38 clusterfuck-worker2 containerd[101]: time="2023-04-14T12:18:38.578254018Z" level=info msg="Start event monitor"
Apr 14 12:18:38 clusterfuck-worker2 containerd[101]: time="2023-04-14T12:18:38.578582267Z" level=info msg="Start snapshots syncer"
Apr 14 12:18:38 clusterfuck-worker2 containerd[101]: time="2023-04-14T12:18:38.578744856Z" level=info msg="Start cni network conf syncer for default"
Apr 14 12:18:38 clusterfuck-worker2 containerd[101]: time="2023-04-14T12:18:38.578800782Z" level=info msg="Start streaming server"
Apr 14 12:19:24 clusterfuck-worker2 containerd[101]: time="2023-04-14T12:19:24.004178558Z" level=info msg="No cni config template is specified, wait for other system components to drop the config."
Apr 14 12:19:25 clusterfuck-worker2 containerd[101]: time="2023-04-14T12:19:25.613628241Z" level=info msg="RunPodSandbox for &PodSandboxMetadata{Name:kube-proxy-rtmjr,Uid:ce844715-cb8a-44d7-8bfd-75f7392433d9,Namespace:kube-system,Attempt:0,}"
Apr 14 12:19:25 clusterfuck-worker2 containerd[101]: time="2023-04-14T12:19:25.675861066Z" level=info msg="loading plugin \"io.containerd.event.v1.publisher\"..." runtime=io.containerd.runc.v2 type=io.containerd.event.v1
Apr 14 12:19:25 clusterfuck-worker2 containerd[101]: time="2023-04-14T12:19:25.675919890Z" level=info msg="loading plugin \"io.containerd.internal.v1.shutdown\"..." runtime=io.containerd.runc.v2 type=io.containerd.internal.v1
Apr 14 12:19:25 clusterfuck-worker2 containerd[101]: time="2023-04-14T12:19:25.675930353Z" level=info msg="loading plugin \"io.containerd.ttrpc.v1.task\"..." runtime=io.containerd.runc.v2 type=io.containerd.ttrpc.v1
Apr 14 12:19:25 clusterfuck-worker2 containerd[101]: time="2023-04-14T12:19:25.678163218Z" level=info msg="starting signal loop" namespace=k8s.io path=/run/containerd/io.containerd.runtime.v2.task/k8s.io/581aaab1d2ab4eff99246e0c8effa5a3e59c1d40c6f23a551abb232a3fc1ccb7 pid=285 runtime=io.containerd.runc.v2
Apr 14 12:19:25 clusterfuck-worker2 containerd[101]: time="2023-04-14T12:19:25.777361167Z" level=info msg="RunPodSandbox for &PodSandboxMetadata{Name:kube-proxy-rtmjr,Uid:ce844715-cb8a-44d7-8bfd-75f7392433d9,Namespace:kube-system,Attempt:0,} returns sandbox id \"581aaab1d2ab4eff99246e0c8effa5a3e59c1d40c6f23a551abb232a3fc1ccb7\""
Apr 14 12:19:25 clusterfuck-worker2 containerd[101]: time="2023-04-14T12:19:25.786504442Z" level=info msg="CreateContainer within sandbox \"581aaab1d2ab4eff99246e0c8effa5a3e59c1d40c6f23a551abb232a3fc1ccb7\" for container &ContainerMetadata{Name:kube-proxy,Attempt:0,}"
Apr 14 12:19:25 clusterfuck-worker2 containerd[101]: time="2023-04-14T12:19:25.905437964Z" level=info msg="RunPodSandbox for &PodSandboxMetadata{Name:kindnet-vxxpt,Uid:e7826347-ae03-4685-ba88-c51ebe1c48d9,Namespace:kube-system,Attempt:0,}"
Apr 14 12:19:26 clusterfuck-worker2 containerd[101]: time="2023-04-14T12:19:26.604642736Z" level=info msg="loading plugin \"io.containerd.event.v1.publisher\"..." runtime=io.containerd.runc.v2 type=io.containerd.event.v1
Apr 14 12:19:26 clusterfuck-worker2 containerd[101]: time="2023-04-14T12:19:26.604761952Z" level=info msg="loading plugin \"io.containerd.internal.v1.shutdown\"..." runtime=io.containerd.runc.v2 type=io.containerd.internal.v1
Apr 14 12:19:26 clusterfuck-worker2 containerd[101]: time="2023-04-14T12:19:26.604788520Z" level=info msg="loading plugin \"io.containerd.ttrpc.v1.task\"..." runtime=io.containerd.runc.v2 type=io.containerd.ttrpc.v1
Apr 14 12:19:26 clusterfuck-worker2 containerd[101]: time="2023-04-14T12:19:26.605008223Z" level=info msg="starting signal loop" namespace=k8s.io path=/run/containerd/io.containerd.runtime.v2.task/k8s.io/7272e084d134b3f841bd442496f919cd0f3dd4e4854b96aa86768b2da2904f35 pid=326 runtime=io.containerd.runc.v2
Apr 14 12:19:26 clusterfuck-worker2 containerd[101]: time="2023-04-14T12:19:26.982603391Z" level=info msg="RunPodSandbox for &PodSandboxMetadata{Name:kindnet-vxxpt,Uid:e7826347-ae03-4685-ba88-c51ebe1c48d9,Namespace:kube-system,Attempt:0,} returns sandbox id \"7272e084d134b3f841bd442496f919cd0f3dd4e4854b96aa86768b2da2904f35\""
Apr 14 12:19:26 clusterfuck-worker2 containerd[101]: time="2023-04-14T12:19:26.992451930Z" level=info msg="PullImage \"docker.io/kindest/kindnetd:v20230330-48f316cd@sha256:c19d6362a6a928139820761475a38c24c0cf84d507b9ddf414a078cf627497af\""
Apr 14 12:19:27 clusterfuck-worker2 containerd[101]: time="2023-04-14T12:19:27.555805407Z" level=info msg="CreateContainer within sandbox \"581aaab1d2ab4eff99246e0c8effa5a3e59c1d40c6f23a551abb232a3fc1ccb7\" for &ContainerMetadata{Name:kube-proxy,Attempt:0,} returns container id \"90ea38e66d02b2059dd3e2365a465b77f00f8527d81abda233090ef39216c7fd\""
Apr 14 12:19:27 clusterfuck-worker2 containerd[101]: time="2023-04-14T12:19:27.557045509Z" level=info msg="StartContainer for \"90ea38e66d02b2059dd3e2365a465b77f00f8527d81abda233090ef39216c7fd\""
Apr 14 12:19:27 clusterfuck-worker2 containerd[101]: time="2023-04-14T12:19:27.668163827Z" level=info msg="StartContainer for \"90ea38e66d02b2059dd3e2365a465b77f00f8527d81abda233090ef39216c7fd\" returns successfully"
Apr 14 12:19:29 clusterfuck-worker2 containerd[101]: time="2023-04-14T12:19:29.242086310Z" level=info msg="ImageCreate event &ImageCreate{Name:docker.io/kindest/kindnetd@sha256:c19d6362a6a928139820761475a38c24c0cf84d507b9ddf414a078cf627497af,Labels:map[string]string{io.cri-containerd.image: managed,},XXX_unrecognized:[],}"
Apr 14 12:19:29 clusterfuck-worker2 containerd[101]: time="2023-04-14T12:19:29.244395149Z" level=info msg="ImageUpdate event &ImageUpdate{Name:sha256:a329ae3c2c52fe00e9c4eaf48b081cd184ee4bf9aea059e497f4965f0a8deedb,Labels:map[string]string{io.cri-containerd.image: managed,},XXX_unrecognized:[],}"
Apr 14 12:19:29 clusterfuck-worker2 containerd[101]: time="2023-04-14T12:19:29.246156945Z" level=info msg="ImageUpdate event &ImageUpdate{Name:docker.io/kindest/kindnetd@sha256:c19d6362a6a928139820761475a38c24c0cf84d507b9ddf414a078cf627497af,Labels:map[string]string{io.cri-containerd.image: managed,},XXX_unrecognized:[],}"
Apr 14 12:19:29 clusterfuck-worker2 containerd[101]: time="2023-04-14T12:19:29.246671589Z" level=info msg="PullImage \"docker.io/kindest/kindnetd:v20230330-48f316cd@sha256:c19d6362a6a928139820761475a38c24c0cf84d507b9ddf414a078cf627497af\" returns image reference \"sha256:a329ae3c2c52fe00e9c4eaf48b081cd184ee4bf9aea059e497f4965f0a8deedb\""
Apr 14 12:19:29 clusterfuck-worker2 containerd[101]: time="2023-04-14T12:19:29.252736012Z" level=info msg="CreateContainer within sandbox \"7272e084d134b3f841bd442496f919cd0f3dd4e4854b96aa86768b2da2904f35\" for container &ContainerMetadata{Name:kindnet-cni,Attempt:0,}"
Apr 14 12:19:29 clusterfuck-worker2 containerd[101]: time="2023-04-14T12:19:29.268833043Z" level=info msg="CreateContainer within sandbox \"7272e084d134b3f841bd442496f919cd0f3dd4e4854b96aa86768b2da2904f35\" for &ContainerMetadata{Name:kindnet-cni,Attempt:0,} returns container id \"699b1772019e48b347677195e8fbb1a2473a562a27609895db050134ad222991\""
Apr 14 12:19:29 clusterfuck-worker2 containerd[101]: time="2023-04-14T12:19:29.269673738Z" level=info msg="StartContainer for \"699b1772019e48b347677195e8fbb1a2473a562a27609895db050134ad222991\""
Apr 14 12:19:29 clusterfuck-worker2 containerd[101]: time="2023-04-14T12:19:29.640881240Z" level=info msg="StartContainer for \"699b1772019e48b347677195e8fbb1a2473a562a27609895db050134ad222991\" returns successfully"
Apr 14 12:19:30 clusterfuck-worker2 containerd[101]: time="2023-04-14T12:19:30.212610896Z" level=error msg="failed to reload cni configuration after receiving fs change event(\"/etc/cni/net.d/10-kindnet.conflist.temp\": WRITE)" error="cni config load failed: no network config found in /etc/cni/net.d: cni plugin not initialized: failed to load cni config"
Apr 14 12:19:30 clusterfuck-worker2 containerd[101]: time="2023-04-14T12:19:30.212721401Z" level=error msg="failed to reload cni configuration after receiving fs change event(\"/etc/cni/net.d/10-kindnet.conflist.temp\": WRITE)" error="cni config load failed: no network config found in /etc/cni/net.d: cni plugin not initialized: failed to load cni config"
Apr 14 12:19:30 clusterfuck-worker2 containerd[101]: time="2023-04-14T12:19:30.212843785Z" level=error msg="failed to reload cni configuration after receiving fs change event(\"/etc/cni/net.d/10-kindnet.conflist.temp\": WRITE)" error="cni config load failed: no network config found in /etc/cni/net.d: cni plugin not initialized: failed to load cni config"
