Apr 14 12:18:38 clusterfuck-worker3 systemd[1]: Starting containerd container runtime...
Apr 14 12:18:38 clusterfuck-worker3 systemd[1]: Started containerd container runtime.
Apr 14 12:18:39 clusterfuck-worker3 containerd[101]: time="2023-04-14T12:18:39.060094084Z" level=info msg="starting containerd" revision=941215f4987b5d303cedbbf9f8c9c4fa99b903ff version=v1.6.19-46-g941215f49
Apr 14 12:18:39 clusterfuck-worker3 containerd[101]: time="2023-04-14T12:18:39.245200671Z" level=info msg="loading plugin \"io.containerd.content.v1.content\"..." type=io.containerd.content.v1
Apr 14 12:18:39 clusterfuck-worker3 containerd[101]: time="2023-04-14T12:18:39.245376400Z" level=info msg="loading plugin \"io.containerd.snapshotter.v1.aufs\"..." type=io.containerd.snapshotter.v1
Apr 14 12:18:39 clusterfuck-worker3 containerd[101]: time="2023-04-14T12:18:39.248261137Z" level=info msg="skip loading plugin \"io.containerd.snapshotter.v1.aufs\"..." error="aufs is not supported (modprobe aufs failed: exit status 1 \"modprobe: FATAL: Module aufs not found in directory /lib/modules/5.15.49-linuxkit\\n\"): skip plugin" type=io.containerd.snapshotter.v1
Apr 14 12:18:39 clusterfuck-worker3 containerd[101]: time="2023-04-14T12:18:39.248374357Z" level=info msg="loading plugin \"io.containerd.snapshotter.v1.btrfs\"..." type=io.containerd.snapshotter.v1
Apr 14 12:18:39 clusterfuck-worker3 containerd[101]: time="2023-04-14T12:18:39.260763157Z" level=info msg="skip loading plugin \"io.containerd.snapshotter.v1.btrfs\"..." error="path /var/lib/containerd/io.containerd.snapshotter.v1.btrfs (ext4) must be a btrfs filesystem to be used with the btrfs snapshotter: skip plugin" type=io.containerd.snapshotter.v1
Apr 14 12:18:39 clusterfuck-worker3 containerd[101]: time="2023-04-14T12:18:39.266060860Z" level=info msg="loading plugin \"io.containerd.snapshotter.v1.devmapper\"..." type=io.containerd.snapshotter.v1
Apr 14 12:18:39 clusterfuck-worker3 containerd[101]: time="2023-04-14T12:18:39.266147072Z" level=warning msg="failed to load plugin io.containerd.snapshotter.v1.devmapper" error="devmapper not configured"
Apr 14 12:18:39 clusterfuck-worker3 containerd[101]: time="2023-04-14T12:18:39.266223042Z" level=info msg="loading plugin \"io.containerd.snapshotter.v1.native\"..." type=io.containerd.snapshotter.v1
Apr 14 12:18:39 clusterfuck-worker3 containerd[101]: time="2023-04-14T12:18:39.266309655Z" level=info msg="loading plugin \"io.containerd.snapshotter.v1.overlayfs\"..." type=io.containerd.snapshotter.v1
Apr 14 12:18:39 clusterfuck-worker3 containerd[101]: time="2023-04-14T12:18:39.266594209Z" level=info msg="loading plugin \"io.containerd.snapshotter.v1.zfs\"..." type=io.containerd.snapshotter.v1
Apr 14 12:18:39 clusterfuck-worker3 containerd[101]: time="2023-04-14T12:18:39.266814844Z" level=info msg="skip loading plugin \"io.containerd.snapshotter.v1.zfs\"..." error="path /var/lib/containerd/io.containerd.snapshotter.v1.zfs must be a zfs filesystem to be used with the zfs snapshotter: skip plugin" type=io.containerd.snapshotter.v1
Apr 14 12:18:39 clusterfuck-worker3 containerd[101]: time="2023-04-14T12:18:39.273118107Z" level=info msg="loading plugin \"io.containerd.snapshotter.v1.fuse-overlayfs\"..." type=io.containerd.snapshotter.v1
Apr 14 12:18:39 clusterfuck-worker3 containerd[101]: time="2023-04-14T12:18:39.278179853Z" level=info msg="loading plugin \"io.containerd.metadata.v1.bolt\"..." type=io.containerd.metadata.v1
Apr 14 12:18:39 clusterfuck-worker3 containerd[101]: time="2023-04-14T12:18:39.278597156Z" level=warning msg="could not use snapshotter devmapper in metadata plugin" error="devmapper not configured"
Apr 14 12:18:39 clusterfuck-worker3 containerd[101]: time="2023-04-14T12:18:39.278661160Z" level=info msg="metadata content store policy set" policy=shared
Apr 14 12:18:39 clusterfuck-worker3 containerd[101]: time="2023-04-14T12:18:39.278913417Z" level=info msg="loading plugin \"io.containerd.differ.v1.walking\"..." type=io.containerd.differ.v1
Apr 14 12:18:39 clusterfuck-worker3 containerd[101]: time="2023-04-14T12:18:39.284555025Z" level=info msg="loading plugin \"io.containerd.event.v1.exchange\"..." type=io.containerd.event.v1
Apr 14 12:18:39 clusterfuck-worker3 containerd[101]: time="2023-04-14T12:18:39.284686202Z" level=info msg="loading plugin \"io.containerd.gc.v1.scheduler\"..." type=io.containerd.gc.v1
Apr 14 12:18:39 clusterfuck-worker3 containerd[101]: time="2023-04-14T12:18:39.284777001Z" level=info msg="loading plugin \"io.containerd.service.v1.introspection-service\"..." type=io.containerd.service.v1
Apr 14 12:18:39 clusterfuck-worker3 containerd[101]: time="2023-04-14T12:18:39.284834899Z" level=info msg="loading plugin \"io.containerd.service.v1.containers-service\"..." type=io.containerd.service.v1
Apr 14 12:18:39 clusterfuck-worker3 containerd[101]: time="2023-04-14T12:18:39.284887315Z" level=info msg="loading plugin \"io.containerd.service.v1.content-service\"..." type=io.containerd.service.v1
Apr 14 12:18:39 clusterfuck-worker3 containerd[101]: time="2023-04-14T12:18:39.287788359Z" level=info msg="loading plugin \"io.containerd.service.v1.diff-service\"..." type=io.containerd.service.v1
Apr 14 12:18:39 clusterfuck-worker3 containerd[101]: time="2023-04-14T12:18:39.287942588Z" level=info msg="loading plugin \"io.containerd.service.v1.images-service\"..." type=io.containerd.service.v1
Apr 14 12:18:39 clusterfuck-worker3 containerd[101]: time="2023-04-14T12:18:39.288004605Z" level=info msg="loading plugin \"io.containerd.service.v1.leases-service\"..." type=io.containerd.service.v1
Apr 14 12:18:39 clusterfuck-worker3 containerd[101]: time="2023-04-14T12:18:39.298033053Z" level=info msg="loading plugin \"io.containerd.service.v1.namespaces-service\"..." type=io.containerd.service.v1
Apr 14 12:18:39 clusterfuck-worker3 containerd[101]: time="2023-04-14T12:18:39.298172500Z" level=info msg="loading plugin \"io.containerd.service.v1.snapshots-service\"..." type=io.containerd.service.v1
Apr 14 12:18:39 clusterfuck-worker3 containerd[101]: time="2023-04-14T12:18:39.299583144Z" level=info msg="loading plugin \"io.containerd.runtime.v1.linux\"..." type=io.containerd.runtime.v1
Apr 14 12:18:39 clusterfuck-worker3 containerd[101]: time="2023-04-14T12:18:39.299705825Z" level=info msg="loading plugin \"io.containerd.runtime.v2.task\"..." type=io.containerd.runtime.v2
Apr 14 12:18:39 clusterfuck-worker3 containerd[101]: time="2023-04-14T12:18:39.299792798Z" level=info msg="loading plugin \"io.containerd.monitor.v1.cgroups\"..." type=io.containerd.monitor.v1
Apr 14 12:18:39 clusterfuck-worker3 containerd[101]: time="2023-04-14T12:18:39.313244306Z" level=info msg="loading plugin \"io.containerd.service.v1.tasks-service\"..." type=io.containerd.service.v1
Apr 14 12:18:39 clusterfuck-worker3 containerd[101]: time="2023-04-14T12:18:39.313372291Z" level=info msg="loading plugin \"io.containerd.grpc.v1.introspection\"..." type=io.containerd.grpc.v1
Apr 14 12:18:39 clusterfuck-worker3 containerd[101]: time="2023-04-14T12:18:39.322228425Z" level=info msg="loading plugin \"io.containerd.internal.v1.restart\"..." type=io.containerd.internal.v1
Apr 14 12:18:39 clusterfuck-worker3 containerd[101]: time="2023-04-14T12:18:39.322452464Z" level=info msg="loading plugin \"io.containerd.grpc.v1.containers\"..." type=io.containerd.grpc.v1
Apr 14 12:18:39 clusterfuck-worker3 containerd[101]: time="2023-04-14T12:18:39.323123751Z" level=info msg="loading plugin \"io.containerd.grpc.v1.content\"..." type=io.containerd.grpc.v1
Apr 14 12:18:39 clusterfuck-worker3 containerd[101]: time="2023-04-14T12:18:39.334995746Z" level=info msg="loading plugin \"io.containerd.grpc.v1.diff\"..." type=io.containerd.grpc.v1
Apr 14 12:18:39 clusterfuck-worker3 containerd[101]: time="2023-04-14T12:18:39.335148309Z" level=info msg="loading plugin \"io.containerd.grpc.v1.events\"..." type=io.containerd.grpc.v1
Apr 14 12:18:39 clusterfuck-worker3 containerd[101]: time="2023-04-14T12:18:39.335221358Z" level=info msg="loading plugin \"io.containerd.grpc.v1.healthcheck\"..." type=io.containerd.grpc.v1
Apr 14 12:18:39 clusterfuck-worker3 containerd[101]: time="2023-04-14T12:18:39.335332985Z" level=info msg="loading plugin \"io.containerd.grpc.v1.images\"..." type=io.containerd.grpc.v1
Apr 14 12:18:39 clusterfuck-worker3 containerd[101]: time="2023-04-14T12:18:39.335481431Z" level=info msg="loading plugin \"io.containerd.grpc.v1.leases\"..." type=io.containerd.grpc.v1
Apr 14 12:18:39 clusterfuck-worker3 containerd[101]: time="2023-04-14T12:18:39.335587830Z" level=info msg="loading plugin \"io.containerd.grpc.v1.namespaces\"..." type=io.containerd.grpc.v1
Apr 14 12:18:39 clusterfuck-worker3 containerd[101]: time="2023-04-14T12:18:39.335651620Z" level=info msg="loading plugin \"io.containerd.internal.v1.opt\"..." type=io.containerd.internal.v1
Apr 14 12:18:39 clusterfuck-worker3 containerd[101]: time="2023-04-14T12:18:39.338252102Z" level=info msg="loading plugin \"io.containerd.grpc.v1.snapshots\"..." type=io.containerd.grpc.v1
Apr 14 12:18:39 clusterfuck-worker3 containerd[101]: time="2023-04-14T12:18:39.338405012Z" level=info msg="loading plugin \"io.containerd.grpc.v1.tasks\"..." type=io.containerd.grpc.v1
Apr 14 12:18:39 clusterfuck-worker3 containerd[101]: time="2023-04-14T12:18:39.338577604Z" level=info msg="loading plugin \"io.containerd.grpc.v1.version\"..." type=io.containerd.grpc.v1
Apr 14 12:18:39 clusterfuck-worker3 containerd[101]: time="2023-04-14T12:18:39.338692495Z" level=info msg="loading plugin \"io.containerd.tracing.processor.v1.otlp\"..." type=io.containerd.tracing.processor.v1
Apr 14 12:18:39 clusterfuck-worker3 containerd[101]: time="2023-04-14T12:18:39.338752563Z" level=info msg="skip loading plugin \"io.containerd.tracing.processor.v1.otlp\"..." error="no OpenTelemetry endpoint: skip plugin" type=io.containerd.tracing.processor.v1
Apr 14 12:18:39 clusterfuck-worker3 containerd[101]: time="2023-04-14T12:18:39.339001746Z" level=info msg="loading plugin \"io.containerd.internal.v1.tracing\"..." type=io.containerd.internal.v1
Apr 14 12:18:39 clusterfuck-worker3 containerd[101]: time="2023-04-14T12:18:39.346595917Z" level=error msg="failed to initialize a tracing processor \"otlp\"" error="no OpenTelemetry endpoint: skip plugin"
Apr 14 12:18:39 clusterfuck-worker3 containerd[101]: time="2023-04-14T12:18:39.346850323Z" level=info msg="loading plugin \"io.containerd.grpc.v1.cri\"..." type=io.containerd.grpc.v1
Apr 14 12:18:39 clusterfuck-worker3 containerd[101]: time="2023-04-14T12:18:39.347531297Z" level=info msg="Start cri plugin with config {PluginConfig:{ContainerdConfig:{Snapshotter:overlayfs DefaultRuntimeName:runc DefaultRuntime:{Type: Path: Engine: PodAnnotations:[] ContainerAnnotations:[] Root: Options:map[] PrivilegedWithoutHostDevices:false BaseRuntimeSpec: NetworkPluginConfDir: NetworkPluginMaxConfNum:0} UntrustedWorkloadRuntime:{Type: Path: Engine: PodAnnotations:[] ContainerAnnotations:[] Root: Options:map[] PrivilegedWithoutHostDevices:false BaseRuntimeSpec: NetworkPluginConfDir: NetworkPluginMaxConfNum:0} Runtimes:map[runc:{Type:io.containerd.runc.v2 Path: Engine: PodAnnotations:[] ContainerAnnotations:[] Root: Options:map[SystemdCgroup:true] PrivilegedWithoutHostDevices:false BaseRuntimeSpec:/etc/containerd/cri-base.json NetworkPluginConfDir: NetworkPluginMaxConfNum:0} test-handler:{Type:io.containerd.runc.v2 Path: Engine: PodAnnotations:[] ContainerAnnotations:[] Root: Options:map[SystemdCgroup:true] PrivilegedWithoutHostDevices:false BaseRuntimeSpec:/etc/containerd/cri-base.json NetworkPluginConfDir: NetworkPluginMaxConfNum:0}] NoPivot:false DisableSnapshotAnnotations:true DiscardUnpackedLayers:true IgnoreRdtNotEnabledErrors:false} CniConfig:{NetworkPluginBinDir:/opt/cni/bin NetworkPluginConfDir:/etc/cni/net.d NetworkPluginMaxConfNum:1 NetworkPluginConfTemplate: IPPreference:} Registry:{ConfigPath: Mirrors:map[] Configs:map[] Auths:map[] Headers:map[]} ImageDecryption:{KeyModel:node} DisableTCPService:true StreamServerAddress:127.0.0.1 StreamServerPort:0 StreamIdleTimeout:4h0m0s EnableSelinux:false SelinuxCategoryRange:1024 SandboxImage:registry.k8s.io/pause:3.7 StatsCollectPeriod:10 SystemdCgroup:false EnableTLSStreaming:false X509KeyPairStreaming:{TLSCertFile: TLSKeyFile:} MaxContainerLogLineSize:16384 DisableCgroup:false DisableApparmor:false RestrictOOMScoreAdj:false MaxConcurrentDownloads:3 DisableProcMount:false UnsetSeccompProfile: TolerateMissingHugetlbController:true DisableHugetlbController:true DeviceOwnershipFromSecurityContext:false IgnoreImageDefinedVolumes:false NetNSMountsUnderStateDir:false EnableUnprivilegedPorts:false EnableUnprivilegedICMP:false} ContainerdRootDir:/var/lib/containerd ContainerdEndpoint:/run/containerd/containerd.sock RootDir:/var/lib/containerd/io.containerd.grpc.v1.cri StateDir:/run/containerd/io.containerd.grpc.v1.cri}"
Apr 14 12:18:39 clusterfuck-worker3 containerd[101]: time="2023-04-14T12:18:39.351387469Z" level=info msg="Connect containerd service"
Apr 14 12:18:39 clusterfuck-worker3 containerd[101]: time="2023-04-14T12:18:39.351587879Z" level=info msg="Get image filesystem path \"/var/lib/containerd/io.containerd.snapshotter.v1.overlayfs\""
Apr 14 12:18:39 clusterfuck-worker3 containerd[101]: time="2023-04-14T12:18:39.357697209Z" level=error msg="failed to load cni during init, please check CRI plugin status before setting up network for pods" error="cni config load failed: no network config found in /etc/cni/net.d: cni plugin not initialized: failed to load cni config"
Apr 14 12:18:39 clusterfuck-worker3 containerd[101]: time="2023-04-14T12:18:39.359480290Z" level=info msg=serving... address=/run/containerd/containerd.sock.ttrpc
Apr 14 12:18:39 clusterfuck-worker3 containerd[101]: time="2023-04-14T12:18:39.359528799Z" level=info msg=serving... address=/run/containerd/containerd.sock
Apr 14 12:18:39 clusterfuck-worker3 containerd[101]: time="2023-04-14T12:18:39.359549206Z" level=info msg="containerd successfully booted in 0.300340s"
Apr 14 12:18:39 clusterfuck-worker3 containerd[101]: time="2023-04-14T12:18:39.361346456Z" level=info msg="Start subscribing containerd event"
Apr 14 12:18:39 clusterfuck-worker3 containerd[101]: time="2023-04-14T12:18:39.361647447Z" level=info msg="Start recovering state"
Apr 14 12:18:39 clusterfuck-worker3 containerd[101]: time="2023-04-14T12:18:39.452905260Z" level=warning msg="The image docker.io/kindest/kindnetd:v20230330-48f316cd@sha256:c19d6362a6a928139820761475a38c24c0cf84d507b9ddf414a078cf627497af is not unpacked."
Apr 14 12:18:39 clusterfuck-worker3 containerd[101]: time="2023-04-14T12:18:39.510345866Z" level=warning msg="The image docker.io/kindest/local-path-helper:v20230330-48f316cd@sha256:135203f2441f916fb13dad1561d27f60a6f11f50ec288b01a7d2ee9947c36270 is not unpacked."
Apr 14 12:18:39 clusterfuck-worker3 containerd[101]: time="2023-04-14T12:18:39.541639155Z" level=warning msg="The image docker.io/kindest/local-path-provisioner:v0.0.23-kind.0@sha256:f2d0a02831ff3a03cf51343226670d5060623b43a4cfc4808bd0875b2c4b9501 is not unpacked."
Apr 14 12:18:39 clusterfuck-worker3 containerd[101]: time="2023-04-14T12:18:39.555157175Z" level=warning msg="The image import-2023-03-30@sha256:3dd2337f70af979c7362b5e52bbdfcb3a5fd39c78d94d02145150cd2db86ba39 is not unpacked."
Apr 14 12:18:39 clusterfuck-worker3 containerd[101]: time="2023-04-14T12:18:39.573774315Z" level=warning msg="The image import-2023-03-30@sha256:44db4d50a5f9c8efbac0d37ea974d1c0419a5928f90748d3d491a041a00c20b5 is not unpacked."
Apr 14 12:18:39 clusterfuck-worker3 containerd[101]: time="2023-04-14T12:18:39.581054584Z" level=warning msg="The image import-2023-03-30@sha256:8dbb345de79d1c44f59a7895da702a5f71997ae72aea056609445c397b0c10dc is not unpacked."
Apr 14 12:18:39 clusterfuck-worker3 containerd[101]: time="2023-04-14T12:18:39.588515729Z" level=warning msg="The image import-2023-03-30@sha256:ba097b515c8c40689733c0f19de377e9bf8995964b7d7150c2045f3dfd166657 is not unpacked."
Apr 14 12:18:39 clusterfuck-worker3 containerd[101]: time="2023-04-14T12:18:39.595930330Z" level=warning msg="The image registry.k8s.io/coredns/coredns:v1.9.3 is not unpacked."
Apr 14 12:18:39 clusterfuck-worker3 containerd[101]: time="2023-04-14T12:18:39.604200650Z" level=warning msg="The image registry.k8s.io/etcd:3.5.6-0 is not unpacked."
Apr 14 12:18:39 clusterfuck-worker3 containerd[101]: time="2023-04-14T12:18:39.606581417Z" level=warning msg="The image registry.k8s.io/kube-apiserver:v1.26.3 is not unpacked."
Apr 14 12:18:39 clusterfuck-worker3 containerd[101]: time="2023-04-14T12:18:39.608276920Z" level=warning msg="The image registry.k8s.io/kube-controller-manager:v1.26.3 is not unpacked."
Apr 14 12:18:39 clusterfuck-worker3 containerd[101]: time="2023-04-14T12:18:39.611425613Z" level=warning msg="The image registry.k8s.io/kube-proxy:v1.26.3 is not unpacked."
Apr 14 12:18:39 clusterfuck-worker3 containerd[101]: time="2023-04-14T12:18:39.612470208Z" level=warning msg="The image registry.k8s.io/kube-scheduler:v1.26.3 is not unpacked."
Apr 14 12:18:39 clusterfuck-worker3 containerd[101]: time="2023-04-14T12:18:39.614143804Z" level=warning msg="The image registry.k8s.io/pause:3.7 is not unpacked."
Apr 14 12:18:39 clusterfuck-worker3 containerd[101]: time="2023-04-14T12:18:39.617221825Z" level=warning msg="The image sha256:221177c6082a88ea4f6240ab2450d540955ac6f4d5454f0e15751b653ebda165 is not unpacked."
Apr 14 12:18:39 clusterfuck-worker3 containerd[101]: time="2023-04-14T12:18:39.619601434Z" level=warning msg="The image sha256:37af659db0ba1408025ceab0e9344dc354a8f38dd9b39875e48b2ad8e2fc3a51 is not unpacked."
Apr 14 12:18:39 clusterfuck-worker3 containerd[101]: time="2023-04-14T12:18:39.621951993Z" level=warning msg="The image sha256:5185b96f0becf59032b8e3646e99f84d9655dff3ac9e2605e0dc77f9c441ae4a is not unpacked."
Apr 14 12:18:39 clusterfuck-worker3 containerd[101]: time="2023-04-14T12:18:39.626069752Z" level=warning msg="The image sha256:801fc1f38fa6cb63d4f64438ed884330e86e4be7504f33702e8edcd6fd2118a8 is not unpacked."
Apr 14 12:18:39 clusterfuck-worker3 containerd[101]: time="2023-04-14T12:18:39.627539627Z" level=warning msg="The image sha256:a329ae3c2c52fe00e9c4eaf48b081cd184ee4bf9aea059e497f4965f0a8deedb is not unpacked."
Apr 14 12:18:39 clusterfuck-worker3 containerd[101]: time="2023-04-14T12:18:39.630405962Z" level=warning msg="The image sha256:c408b2276bb76627a6f633bf0d26052c208ebd51681c6c89866cc9647471c0bc is not unpacked."
Apr 14 12:18:39 clusterfuck-worker3 containerd[101]: time="2023-04-14T12:18:39.635988407Z" level=warning msg="The image sha256:cb77c367deebf699996aef822193e3630ce0fe9202b04f809214ff531718fe47 is not unpacked."
Apr 14 12:18:39 clusterfuck-worker3 containerd[101]: time="2023-04-14T12:18:39.641155696Z" level=warning msg="The image sha256:dec886d0664924af97d276417712f4a065af16e8696ea66afc5a09799e137f8e is not unpacked."
Apr 14 12:18:39 clusterfuck-worker3 containerd[101]: time="2023-04-14T12:18:39.642926461Z" level=warning msg="The image sha256:eb3079d47a23af78d9b29f246a472fd77838412611e8ccb980a911b34663cc12 is not unpacked."
Apr 14 12:18:39 clusterfuck-worker3 containerd[101]: time="2023-04-14T12:18:39.647315854Z" level=warning msg="The image sha256:fce326961ae2d51a5f726883fd59d2a8c2ccc3e45d3bb859882db58e422e59e7 is not unpacked."
Apr 14 12:18:39 clusterfuck-worker3 containerd[101]: time="2023-04-14T12:18:39.648710371Z" level=info msg="Start event monitor"
Apr 14 12:18:39 clusterfuck-worker3 containerd[101]: time="2023-04-14T12:18:39.648824000Z" level=info msg="Start snapshots syncer"
Apr 14 12:18:39 clusterfuck-worker3 containerd[101]: time="2023-04-14T12:18:39.648953358Z" level=info msg="Start cni network conf syncer for default"
Apr 14 12:18:39 clusterfuck-worker3 containerd[101]: time="2023-04-14T12:18:39.649132476Z" level=info msg="Start streaming server"
Apr 14 12:19:44 clusterfuck-worker3 containerd[101]: time="2023-04-14T12:19:44.371955775Z" level=info msg="No cni config template is specified, wait for other system components to drop the config."
Apr 14 12:19:45 clusterfuck-worker3 containerd[101]: time="2023-04-14T12:19:45.102756092Z" level=info msg="RunPodSandbox for &PodSandboxMetadata{Name:kube-proxy-cvv2r,Uid:f10c5303-69d9-4894-ba0f-18a022d5c192,Namespace:kube-system,Attempt:0,}"
Apr 14 12:19:45 clusterfuck-worker3 containerd[101]: time="2023-04-14T12:19:45.116326310Z" level=info msg="RunPodSandbox for &PodSandboxMetadata{Name:kindnet-grscj,Uid:af9fa247-e423-4011-8374-4130976b71df,Namespace:kube-system,Attempt:0,}"
Apr 14 12:19:45 clusterfuck-worker3 containerd[101]: time="2023-04-14T12:19:45.153893261Z" level=info msg="loading plugin \"io.containerd.event.v1.publisher\"..." runtime=io.containerd.runc.v2 type=io.containerd.event.v1
Apr 14 12:19:45 clusterfuck-worker3 containerd[101]: time="2023-04-14T12:19:45.154020918Z" level=info msg="loading plugin \"io.containerd.internal.v1.shutdown\"..." runtime=io.containerd.runc.v2 type=io.containerd.internal.v1
Apr 14 12:19:45 clusterfuck-worker3 containerd[101]: time="2023-04-14T12:19:45.154060731Z" level=info msg="loading plugin \"io.containerd.ttrpc.v1.task\"..." runtime=io.containerd.runc.v2 type=io.containerd.ttrpc.v1
Apr 14 12:19:45 clusterfuck-worker3 containerd[101]: time="2023-04-14T12:19:45.154204163Z" level=info msg="starting signal loop" namespace=k8s.io path=/run/containerd/io.containerd.runtime.v2.task/k8s.io/702dfaad65178e498799a13dc11b7b98c7cf47706d68f9d6a8f3784c5841257d pid=280 runtime=io.containerd.runc.v2
Apr 14 12:19:45 clusterfuck-worker3 containerd[101]: time="2023-04-14T12:19:45.166023385Z" level=info msg="loading plugin \"io.containerd.event.v1.publisher\"..." runtime=io.containerd.runc.v2 type=io.containerd.event.v1
Apr 14 12:19:45 clusterfuck-worker3 containerd[101]: time="2023-04-14T12:19:45.166107852Z" level=info msg="loading plugin \"io.containerd.internal.v1.shutdown\"..." runtime=io.containerd.runc.v2 type=io.containerd.internal.v1
Apr 14 12:19:45 clusterfuck-worker3 containerd[101]: time="2023-04-14T12:19:45.166120005Z" level=info msg="loading plugin \"io.containerd.ttrpc.v1.task\"..." runtime=io.containerd.runc.v2 type=io.containerd.ttrpc.v1
Apr 14 12:19:45 clusterfuck-worker3 containerd[101]: time="2023-04-14T12:19:45.166561979Z" level=info msg="starting signal loop" namespace=k8s.io path=/run/containerd/io.containerd.runtime.v2.task/k8s.io/7a95fabc4195a102ba73374ef0f599385e9ed5deadcbae01fd468dcb61bfb205 pid=301 runtime=io.containerd.runc.v2
Apr 14 12:19:45 clusterfuck-worker3 containerd[101]: time="2023-04-14T12:19:45.233751138Z" level=info msg="RunPodSandbox for &PodSandboxMetadata{Name:kube-proxy-cvv2r,Uid:f10c5303-69d9-4894-ba0f-18a022d5c192,Namespace:kube-system,Attempt:0,} returns sandbox id \"702dfaad65178e498799a13dc11b7b98c7cf47706d68f9d6a8f3784c5841257d\""
Apr 14 12:19:45 clusterfuck-worker3 containerd[101]: time="2023-04-14T12:19:45.239736554Z" level=info msg="CreateContainer within sandbox \"702dfaad65178e498799a13dc11b7b98c7cf47706d68f9d6a8f3784c5841257d\" for container &ContainerMetadata{Name:kube-proxy,Attempt:0,}"
Apr 14 12:19:45 clusterfuck-worker3 containerd[101]: time="2023-04-14T12:19:45.537871361Z" level=info msg="RunPodSandbox for &PodSandboxMetadata{Name:kindnet-grscj,Uid:af9fa247-e423-4011-8374-4130976b71df,Namespace:kube-system,Attempt:0,} returns sandbox id \"7a95fabc4195a102ba73374ef0f599385e9ed5deadcbae01fd468dcb61bfb205\""
Apr 14 12:19:45 clusterfuck-worker3 containerd[101]: time="2023-04-14T12:19:45.541421622Z" level=info msg="PullImage \"docker.io/kindest/kindnetd:v20230330-48f316cd@sha256:c19d6362a6a928139820761475a38c24c0cf84d507b9ddf414a078cf627497af\""
Apr 14 12:19:45 clusterfuck-worker3 containerd[101]: time="2023-04-14T12:19:45.908980529Z" level=info msg="CreateContainer within sandbox \"702dfaad65178e498799a13dc11b7b98c7cf47706d68f9d6a8f3784c5841257d\" for &ContainerMetadata{Name:kube-proxy,Attempt:0,} returns container id \"6fb7deffc7e3c68eb8b2feb51bc5f04fd64dde12c5a64785f434f27f66743fdc\""
Apr 14 12:19:45 clusterfuck-worker3 containerd[101]: time="2023-04-14T12:19:45.909916748Z" level=info msg="StartContainer for \"6fb7deffc7e3c68eb8b2feb51bc5f04fd64dde12c5a64785f434f27f66743fdc\""
Apr 14 12:19:46 clusterfuck-worker3 containerd[101]: time="2023-04-14T12:19:46.046383698Z" level=info msg="StartContainer for \"6fb7deffc7e3c68eb8b2feb51bc5f04fd64dde12c5a64785f434f27f66743fdc\" returns successfully"
Apr 14 12:19:47 clusterfuck-worker3 containerd[101]: time="2023-04-14T12:19:47.781311771Z" level=info msg="ImageCreate event &ImageCreate{Name:docker.io/kindest/kindnetd@sha256:c19d6362a6a928139820761475a38c24c0cf84d507b9ddf414a078cf627497af,Labels:map[string]string{io.cri-containerd.image: managed,},XXX_unrecognized:[],}"
Apr 14 12:19:47 clusterfuck-worker3 containerd[101]: time="2023-04-14T12:19:47.785165655Z" level=info msg="ImageUpdate event &ImageUpdate{Name:sha256:a329ae3c2c52fe00e9c4eaf48b081cd184ee4bf9aea059e497f4965f0a8deedb,Labels:map[string]string{io.cri-containerd.image: managed,},XXX_unrecognized:[],}"
Apr 14 12:19:47 clusterfuck-worker3 containerd[101]: time="2023-04-14T12:19:47.788615495Z" level=info msg="PullImage \"docker.io/kindest/kindnetd:v20230330-48f316cd@sha256:c19d6362a6a928139820761475a38c24c0cf84d507b9ddf414a078cf627497af\" returns image reference \"sha256:a329ae3c2c52fe00e9c4eaf48b081cd184ee4bf9aea059e497f4965f0a8deedb\""
Apr 14 12:19:47 clusterfuck-worker3 containerd[101]: time="2023-04-14T12:19:47.791688916Z" level=info msg="ImageUpdate event &ImageUpdate{Name:docker.io/kindest/kindnetd@sha256:c19d6362a6a928139820761475a38c24c0cf84d507b9ddf414a078cf627497af,Labels:map[string]string{io.cri-containerd.image: managed,},XXX_unrecognized:[],}"
Apr 14 12:19:47 clusterfuck-worker3 containerd[101]: time="2023-04-14T12:19:47.793600075Z" level=info msg="CreateContainer within sandbox \"7a95fabc4195a102ba73374ef0f599385e9ed5deadcbae01fd468dcb61bfb205\" for container &ContainerMetadata{Name:kindnet-cni,Attempt:0,}"
Apr 14 12:19:47 clusterfuck-worker3 containerd[101]: time="2023-04-14T12:19:47.805627175Z" level=info msg="CreateContainer within sandbox \"7a95fabc4195a102ba73374ef0f599385e9ed5deadcbae01fd468dcb61bfb205\" for &ContainerMetadata{Name:kindnet-cni,Attempt:0,} returns container id \"f0c694b084ae2a10002030ce4d53b468d22a99334dac0eb376e78ebbdbf49a1c\""
Apr 14 12:19:47 clusterfuck-worker3 containerd[101]: time="2023-04-14T12:19:47.807339628Z" level=info msg="StartContainer for \"f0c694b084ae2a10002030ce4d53b468d22a99334dac0eb376e78ebbdbf49a1c\""
Apr 14 12:19:48 clusterfuck-worker3 containerd[101]: time="2023-04-14T12:19:48.227729589Z" level=info msg="StartContainer for \"f0c694b084ae2a10002030ce4d53b468d22a99334dac0eb376e78ebbdbf49a1c\" returns successfully"
Apr 14 12:19:48 clusterfuck-worker3 containerd[101]: time="2023-04-14T12:19:48.911959499Z" level=error msg="failed to reload cni configuration after receiving fs change event(\"/etc/cni/net.d/10-kindnet.conflist.temp\": WRITE)" error="cni config load failed: no network config found in /etc/cni/net.d: cni plugin not initialized: failed to load cni config"
Apr 14 12:19:48 clusterfuck-worker3 containerd[101]: time="2023-04-14T12:19:48.912065866Z" level=error msg="failed to reload cni configuration after receiving fs change event(\"/etc/cni/net.d/10-kindnet.conflist.temp\": WRITE)" error="cni config load failed: no network config found in /etc/cni/net.d: cni plugin not initialized: failed to load cni config"
Apr 14 12:19:48 clusterfuck-worker3 containerd[101]: time="2023-04-14T12:19:48.912220718Z" level=error msg="failed to reload cni configuration after receiving fs change event(\"/etc/cni/net.d/10-kindnet.conflist.temp\": WRITE)" error="cni config load failed: no network config found in /etc/cni/net.d: cni plugin not initialized: failed to load cni config"
Apr 14 12:19:48 clusterfuck-worker3 containerd[101]: time="2023-04-14T12:19:48.912273938Z" level=error msg="failed to reload cni configuration after receiving fs change event(\"/etc/cni/net.d/10-kindnet.conflist.temp\": WRITE)" error="cni config load failed: no network config found in /etc/cni/net.d: cni plugin not initialized: failed to load cni config"
Apr 14 12:19:48 clusterfuck-worker3 containerd[101]: time="2023-04-14T12:19:48.912422969Z" level=error msg="failed to reload cni configuration after receiving fs change event(\"/etc/cni/net.d/10-kindnet.conflist.temp\": WRITE)" error="cni config load failed: no network config found in /etc/cni/net.d: cni plugin not initialized: failed to load cni config"
Apr 14 12:19:48 clusterfuck-worker3 containerd[101]: time="2023-04-14T12:19:48.912478106Z" level=error msg="failed to reload cni configuration after receiving fs change event(\"/etc/cni/net.d/10-kindnet.conflist.temp\": WRITE)" error="cni config load failed: no network config found in /etc/cni/net.d: cni plugin not initialized: failed to load cni config"
Apr 14 12:19:48 clusterfuck-worker3 containerd[101]: time="2023-04-14T12:19:48.912800350Z" level=error msg="failed to reload cni configuration after receiving fs change event(\"/etc/cni/net.d/10-kindnet.conflist.temp\": WRITE)" error="cni config load failed: no network config found in /etc/cni/net.d: cni plugin not initialized: failed to load cni config"
Apr 14 12:19:48 clusterfuck-worker3 containerd[101]: time="2023-04-14T12:19:48.912920637Z" level=error msg="failed to reload cni configuration after receiving fs change event(\"/etc/cni/net.d/10-kindnet.conflist.temp\": WRITE)" error="cni config load failed: no network config found in /etc/cni/net.d: cni plugin not initialized: failed to load cni config"
Apr 14 12:19:48 clusterfuck-worker3 containerd[101]: time="2023-04-14T12:19:48.913115070Z" level=error msg="failed to reload cni configuration after receiving fs change event(\"/etc/cni/net.d/10-kindnet.conflist.temp\": WRITE)" error="cni config load failed: no network config found in /etc/cni/net.d: cni plugin not initialized: failed to load cni config"
Apr 14 12:19:48 clusterfuck-worker3 containerd[101]: time="2023-04-14T12:19:48.913294887Z" level=error msg="failed to reload cni configuration after receiving fs change event(\"/etc/cni/net.d/10-kindnet.conflist.temp\": WRITE)" error="cni config load failed: no network config found in /etc/cni/net.d: cni plugin not initialized: failed to load cni config"
Apr 14 12:19:48 clusterfuck-worker3 containerd[101]: time="2023-04-14T12:19:48.913385744Z" level=error msg="failed to reload cni configuration after receiving fs change event(\"/etc/cni/net.d/10-kindnet.conflist.temp\": WRITE)" error="cni config load failed: no network config found in /etc/cni/net.d: cni plugin not initialized: failed to load cni config"
Apr 14 12:19:48 clusterfuck-worker3 containerd[101]: time="2023-04-14T12:19:48.913487487Z" level=error msg="failed to reload cni configuration after receiving fs change event(\"/etc/cni/net.d/10-kindnet.conflist.temp\": WRITE)" error="cni config load failed: no network config found in /etc/cni/net.d: cni plugin not initialized: failed to load cni config"
Apr 14 12:19:48 clusterfuck-worker3 containerd[101]: time="2023-04-14T12:19:48.913689828Z" level=error msg="failed to reload cni configuration after receiving fs change event(\"/etc/cni/net.d/10-kindnet.conflist.temp\": WRITE)" error="cni config load failed: no network config found in /etc/cni/net.d: cni plugin not initialized: failed to load cni config"
Apr 14 12:19:48 clusterfuck-worker3 containerd[101]: time="2023-04-14T12:19:48.913856206Z" level=error msg="failed to reload cni configuration after receiving fs change event(\"/etc/cni/net.d/10-kindnet.conflist.temp\": WRITE)" error="cni config load failed: no network config found in /etc/cni/net.d: cni plugin not initialized: failed to load cni config"
Apr 14 12:19:48 clusterfuck-worker3 containerd[101]: time="2023-04-14T12:19:48.914024506Z" level=error msg="failed to reload cni configuration after receiving fs change event(\"/etc/cni/net.d/10-kindnet.conflist.temp\": WRITE)" error="cni config load failed: no network config found in /etc/cni/net.d: cni plugin not initialized: failed to load cni config"
