Apr 14 12:18:38 clusterfuck-control-plane systemd[1]: Starting containerd container runtime...
Apr 14 12:18:38 clusterfuck-control-plane systemd[1]: Started containerd container runtime.
Apr 14 12:18:39 clusterfuck-control-plane containerd[101]: time="2023-04-14T12:18:39.055953070Z" level=info msg="starting containerd" revision=941215f4987b5d303cedbbf9f8c9c4fa99b903ff version=v1.6.19-46-g941215f49
Apr 14 12:18:39 clusterfuck-control-plane containerd[101]: time="2023-04-14T12:18:39.143190720Z" level=info msg="loading plugin \"io.containerd.content.v1.content\"..." type=io.containerd.content.v1
Apr 14 12:18:39 clusterfuck-control-plane containerd[101]: time="2023-04-14T12:18:39.143465696Z" level=info msg="loading plugin \"io.containerd.snapshotter.v1.aufs\"..." type=io.containerd.snapshotter.v1
Apr 14 12:18:39 clusterfuck-control-plane containerd[101]: time="2023-04-14T12:18:39.161289138Z" level=info msg="skip loading plugin \"io.containerd.snapshotter.v1.aufs\"..." error="aufs is not supported (modprobe aufs failed: exit status 1 \"modprobe: FATAL: Module aufs not found in directory /lib/modules/5.15.49-linuxkit\\n\"): skip plugin" type=io.containerd.snapshotter.v1
Apr 14 12:18:39 clusterfuck-control-plane containerd[101]: time="2023-04-14T12:18:39.161965996Z" level=info msg="loading plugin \"io.containerd.snapshotter.v1.btrfs\"..." type=io.containerd.snapshotter.v1
Apr 14 12:18:39 clusterfuck-control-plane containerd[101]: time="2023-04-14T12:18:39.174429053Z" level=info msg="skip loading plugin \"io.containerd.snapshotter.v1.btrfs\"..." error="path /var/lib/containerd/io.containerd.snapshotter.v1.btrfs (ext4) must be a btrfs filesystem to be used with the btrfs snapshotter: skip plugin" type=io.containerd.snapshotter.v1
Apr 14 12:18:39 clusterfuck-control-plane containerd[101]: time="2023-04-14T12:18:39.175294726Z" level=info msg="loading plugin \"io.containerd.snapshotter.v1.devmapper\"..." type=io.containerd.snapshotter.v1
Apr 14 12:18:39 clusterfuck-control-plane containerd[101]: time="2023-04-14T12:18:39.179246453Z" level=warning msg="failed to load plugin io.containerd.snapshotter.v1.devmapper" error="devmapper not configured"
Apr 14 12:18:39 clusterfuck-control-plane containerd[101]: time="2023-04-14T12:18:39.180901608Z" level=info msg="loading plugin \"io.containerd.snapshotter.v1.native\"..." type=io.containerd.snapshotter.v1
Apr 14 12:18:39 clusterfuck-control-plane containerd[101]: time="2023-04-14T12:18:39.181151400Z" level=info msg="loading plugin \"io.containerd.snapshotter.v1.overlayfs\"..." type=io.containerd.snapshotter.v1
Apr 14 12:18:39 clusterfuck-control-plane containerd[101]: time="2023-04-14T12:18:39.195081176Z" level=info msg="loading plugin \"io.containerd.snapshotter.v1.zfs\"..." type=io.containerd.snapshotter.v1
Apr 14 12:18:39 clusterfuck-control-plane containerd[101]: time="2023-04-14T12:18:39.212372559Z" level=info msg="skip loading plugin \"io.containerd.snapshotter.v1.zfs\"..." error="path /var/lib/containerd/io.containerd.snapshotter.v1.zfs must be a zfs filesystem to be used with the zfs snapshotter: skip plugin" type=io.containerd.snapshotter.v1
Apr 14 12:18:39 clusterfuck-control-plane containerd[101]: time="2023-04-14T12:18:39.212503565Z" level=info msg="loading plugin \"io.containerd.snapshotter.v1.fuse-overlayfs\"..." type=io.containerd.snapshotter.v1
Apr 14 12:18:39 clusterfuck-control-plane containerd[101]: time="2023-04-14T12:18:39.213133200Z" level=info msg="loading plugin \"io.containerd.metadata.v1.bolt\"..." type=io.containerd.metadata.v1
Apr 14 12:18:39 clusterfuck-control-plane containerd[101]: time="2023-04-14T12:18:39.213490044Z" level=warning msg="could not use snapshotter devmapper in metadata plugin" error="devmapper not configured"
Apr 14 12:18:39 clusterfuck-control-plane containerd[101]: time="2023-04-14T12:18:39.213559494Z" level=info msg="metadata content store policy set" policy=shared
Apr 14 12:18:39 clusterfuck-control-plane containerd[101]: time="2023-04-14T12:18:39.213763418Z" level=info msg="loading plugin \"io.containerd.differ.v1.walking\"..." type=io.containerd.differ.v1
Apr 14 12:18:39 clusterfuck-control-plane containerd[101]: time="2023-04-14T12:18:39.213940687Z" level=info msg="loading plugin \"io.containerd.event.v1.exchange\"..." type=io.containerd.event.v1
Apr 14 12:18:39 clusterfuck-control-plane containerd[101]: time="2023-04-14T12:18:39.214026631Z" level=info msg="loading plugin \"io.containerd.gc.v1.scheduler\"..." type=io.containerd.gc.v1
Apr 14 12:18:39 clusterfuck-control-plane containerd[101]: time="2023-04-14T12:18:39.214127896Z" level=info msg="loading plugin \"io.containerd.service.v1.introspection-service\"..." type=io.containerd.service.v1
Apr 14 12:18:39 clusterfuck-control-plane containerd[101]: time="2023-04-14T12:18:39.214235440Z" level=info msg="loading plugin \"io.containerd.service.v1.containers-service\"..." type=io.containerd.service.v1
Apr 14 12:18:39 clusterfuck-control-plane containerd[101]: time="2023-04-14T12:18:39.214295673Z" level=info msg="loading plugin \"io.containerd.service.v1.content-service\"..." type=io.containerd.service.v1
Apr 14 12:18:39 clusterfuck-control-plane containerd[101]: time="2023-04-14T12:18:39.214357003Z" level=info msg="loading plugin \"io.containerd.service.v1.diff-service\"..." type=io.containerd.service.v1
Apr 14 12:18:39 clusterfuck-control-plane containerd[101]: time="2023-04-14T12:18:39.214446358Z" level=info msg="loading plugin \"io.containerd.service.v1.images-service\"..." type=io.containerd.service.v1
Apr 14 12:18:39 clusterfuck-control-plane containerd[101]: time="2023-04-14T12:18:39.214510352Z" level=info msg="loading plugin \"io.containerd.service.v1.leases-service\"..." type=io.containerd.service.v1
Apr 14 12:18:39 clusterfuck-control-plane containerd[101]: time="2023-04-14T12:18:39.214710551Z" level=info msg="loading plugin \"io.containerd.service.v1.namespaces-service\"..." type=io.containerd.service.v1
Apr 14 12:18:39 clusterfuck-control-plane containerd[101]: time="2023-04-14T12:18:39.218015586Z" level=info msg="loading plugin \"io.containerd.service.v1.snapshots-service\"..." type=io.containerd.service.v1
Apr 14 12:18:39 clusterfuck-control-plane containerd[101]: time="2023-04-14T12:18:39.218867269Z" level=info msg="loading plugin \"io.containerd.runtime.v1.linux\"..." type=io.containerd.runtime.v1
Apr 14 12:18:39 clusterfuck-control-plane containerd[101]: time="2023-04-14T12:18:39.219029913Z" level=info msg="loading plugin \"io.containerd.runtime.v2.task\"..." type=io.containerd.runtime.v2
Apr 14 12:18:39 clusterfuck-control-plane containerd[101]: time="2023-04-14T12:18:39.228042141Z" level=info msg="loading plugin \"io.containerd.monitor.v1.cgroups\"..." type=io.containerd.monitor.v1
Apr 14 12:18:39 clusterfuck-control-plane containerd[101]: time="2023-04-14T12:18:39.228427756Z" level=info msg="loading plugin \"io.containerd.service.v1.tasks-service\"..." type=io.containerd.service.v1
Apr 14 12:18:39 clusterfuck-control-plane containerd[101]: time="2023-04-14T12:18:39.228521403Z" level=info msg="loading plugin \"io.containerd.grpc.v1.introspection\"..." type=io.containerd.grpc.v1
Apr 14 12:18:39 clusterfuck-control-plane containerd[101]: time="2023-04-14T12:18:39.228591261Z" level=info msg="loading plugin \"io.containerd.internal.v1.restart\"..." type=io.containerd.internal.v1
Apr 14 12:18:39 clusterfuck-control-plane containerd[101]: time="2023-04-14T12:18:39.228689333Z" level=info msg="loading plugin \"io.containerd.grpc.v1.containers\"..." type=io.containerd.grpc.v1
Apr 14 12:18:39 clusterfuck-control-plane containerd[101]: time="2023-04-14T12:18:39.228753092Z" level=info msg="loading plugin \"io.containerd.grpc.v1.content\"..." type=io.containerd.grpc.v1
Apr 14 12:18:39 clusterfuck-control-plane containerd[101]: time="2023-04-14T12:18:39.228810345Z" level=info msg="loading plugin \"io.containerd.grpc.v1.diff\"..." type=io.containerd.grpc.v1
Apr 14 12:18:39 clusterfuck-control-plane containerd[101]: time="2023-04-14T12:18:39.228868142Z" level=info msg="loading plugin \"io.containerd.grpc.v1.events\"..." type=io.containerd.grpc.v1
Apr 14 12:18:39 clusterfuck-control-plane containerd[101]: time="2023-04-14T12:18:39.228920822Z" level=info msg="loading plugin \"io.containerd.grpc.v1.healthcheck\"..." type=io.containerd.grpc.v1
Apr 14 12:18:39 clusterfuck-control-plane containerd[101]: time="2023-04-14T12:18:39.228973456Z" level=info msg="loading plugin \"io.containerd.grpc.v1.images\"..." type=io.containerd.grpc.v1
Apr 14 12:18:39 clusterfuck-control-plane containerd[101]: time="2023-04-14T12:18:39.229025233Z" level=info msg="loading plugin \"io.containerd.grpc.v1.leases\"..." type=io.containerd.grpc.v1
Apr 14 12:18:39 clusterfuck-control-plane containerd[101]: time="2023-04-14T12:18:39.229087346Z" level=info msg="loading plugin \"io.containerd.grpc.v1.namespaces\"..." type=io.containerd.grpc.v1
Apr 14 12:18:39 clusterfuck-control-plane containerd[101]: time="2023-04-14T12:18:39.229143241Z" level=info msg="loading plugin \"io.containerd.internal.v1.opt\"..." type=io.containerd.internal.v1
Apr 14 12:18:39 clusterfuck-control-plane containerd[101]: time="2023-04-14T12:18:39.229248131Z" level=info msg="loading plugin \"io.containerd.grpc.v1.snapshots\"..." type=io.containerd.grpc.v1
Apr 14 12:18:39 clusterfuck-control-plane containerd[101]: time="2023-04-14T12:18:39.229309461Z" level=info msg="loading plugin \"io.containerd.grpc.v1.tasks\"..." type=io.containerd.grpc.v1
Apr 14 12:18:39 clusterfuck-control-plane containerd[101]: time="2023-04-14T12:18:39.229363261Z" level=info msg="loading plugin \"io.containerd.grpc.v1.version\"..." type=io.containerd.grpc.v1
Apr 14 12:18:39 clusterfuck-control-plane containerd[101]: time="2023-04-14T12:18:39.229637459Z" level=info msg="loading plugin \"io.containerd.tracing.processor.v1.otlp\"..." type=io.containerd.tracing.processor.v1
Apr 14 12:18:39 clusterfuck-control-plane containerd[101]: time="2023-04-14T12:18:39.229705507Z" level=info msg="skip loading plugin \"io.containerd.tracing.processor.v1.otlp\"..." error="no OpenTelemetry endpoint: skip plugin" type=io.containerd.tracing.processor.v1
Apr 14 12:18:39 clusterfuck-control-plane containerd[101]: time="2023-04-14T12:18:39.229757795Z" level=info msg="loading plugin \"io.containerd.internal.v1.tracing\"..." type=io.containerd.internal.v1
Apr 14 12:18:39 clusterfuck-control-plane containerd[101]: time="2023-04-14T12:18:39.229821536Z" level=error msg="failed to initialize a tracing processor \"otlp\"" error="no OpenTelemetry endpoint: skip plugin"
Apr 14 12:18:39 clusterfuck-control-plane containerd[101]: time="2023-04-14T12:18:39.229902499Z" level=info msg="loading plugin \"io.containerd.grpc.v1.cri\"..." type=io.containerd.grpc.v1
Apr 14 12:18:39 clusterfuck-control-plane containerd[101]: time="2023-04-14T12:18:39.230443404Z" level=info msg="Start cri plugin with config {PluginConfig:{ContainerdConfig:{Snapshotter:overlayfs DefaultRuntimeName:runc DefaultRuntime:{Type: Path: Engine: PodAnnotations:[] ContainerAnnotations:[] Root: Options:map[] PrivilegedWithoutHostDevices:false BaseRuntimeSpec: NetworkPluginConfDir: NetworkPluginMaxConfNum:0} UntrustedWorkloadRuntime:{Type: Path: Engine: PodAnnotations:[] ContainerAnnotations:[] Root: Options:map[] PrivilegedWithoutHostDevices:false BaseRuntimeSpec: NetworkPluginConfDir: NetworkPluginMaxConfNum:0} Runtimes:map[runc:{Type:io.containerd.runc.v2 Path: Engine: PodAnnotations:[] ContainerAnnotations:[] Root: Options:map[SystemdCgroup:true] PrivilegedWithoutHostDevices:false BaseRuntimeSpec:/etc/containerd/cri-base.json NetworkPluginConfDir: NetworkPluginMaxConfNum:0} test-handler:{Type:io.containerd.runc.v2 Path: Engine: PodAnnotations:[] ContainerAnnotations:[] Root: Options:map[SystemdCgroup:true] PrivilegedWithoutHostDevices:false BaseRuntimeSpec:/etc/containerd/cri-base.json NetworkPluginConfDir: NetworkPluginMaxConfNum:0}] NoPivot:false DisableSnapshotAnnotations:true DiscardUnpackedLayers:true IgnoreRdtNotEnabledErrors:false} CniConfig:{NetworkPluginBinDir:/opt/cni/bin NetworkPluginConfDir:/etc/cni/net.d NetworkPluginMaxConfNum:1 NetworkPluginConfTemplate: IPPreference:} Registry:{ConfigPath: Mirrors:map[] Configs:map[] Auths:map[] Headers:map[]} ImageDecryption:{KeyModel:node} DisableTCPService:true StreamServerAddress:127.0.0.1 StreamServerPort:0 StreamIdleTimeout:4h0m0s EnableSelinux:false SelinuxCategoryRange:1024 SandboxImage:registry.k8s.io/pause:3.7 StatsCollectPeriod:10 SystemdCgroup:false EnableTLSStreaming:false X509KeyPairStreaming:{TLSCertFile: TLSKeyFile:} MaxContainerLogLineSize:16384 DisableCgroup:false DisableApparmor:false RestrictOOMScoreAdj:false MaxConcurrentDownloads:3 DisableProcMount:false UnsetSeccompProfile: TolerateMissingHugetlbController:true DisableHugetlbController:true DeviceOwnershipFromSecurityContext:false IgnoreImageDefinedVolumes:false NetNSMountsUnderStateDir:false EnableUnprivilegedPorts:false EnableUnprivilegedICMP:false} ContainerdRootDir:/var/lib/containerd ContainerdEndpoint:/run/containerd/containerd.sock RootDir:/var/lib/containerd/io.containerd.grpc.v1.cri StateDir:/run/containerd/io.containerd.grpc.v1.cri}"
Apr 14 12:18:39 clusterfuck-control-plane containerd[101]: time="2023-04-14T12:18:39.230906144Z" level=info msg="Connect containerd service"
Apr 14 12:18:39 clusterfuck-control-plane containerd[101]: time="2023-04-14T12:18:39.231011630Z" level=info msg="Get image filesystem path \"/var/lib/containerd/io.containerd.snapshotter.v1.overlayfs\""
Apr 14 12:18:39 clusterfuck-control-plane containerd[101]: time="2023-04-14T12:18:39.231434759Z" level=error msg="failed to load cni during init, please check CRI plugin status before setting up network for pods" error="cni config load failed: no network config found in /etc/cni/net.d: cni plugin not initialized: failed to load cni config"
Apr 14 12:18:39 clusterfuck-control-plane containerd[101]: time="2023-04-14T12:18:39.235793404Z" level=info msg="Start subscribing containerd event"
Apr 14 12:18:39 clusterfuck-control-plane containerd[101]: time="2023-04-14T12:18:39.236089975Z" level=info msg="Start recovering state"
Apr 14 12:18:39 clusterfuck-control-plane containerd[101]: time="2023-04-14T12:18:39.238205305Z" level=warning msg="The image docker.io/kindest/kindnetd:v20230330-48f316cd@sha256:c19d6362a6a928139820761475a38c24c0cf84d507b9ddf414a078cf627497af is not unpacked."
Apr 14 12:18:39 clusterfuck-control-plane containerd[101]: time="2023-04-14T12:18:39.245285879Z" level=warning msg="The image docker.io/kindest/local-path-helper:v20230330-48f316cd@sha256:135203f2441f916fb13dad1561d27f60a6f11f50ec288b01a7d2ee9947c36270 is not unpacked."
Apr 14 12:18:39 clusterfuck-control-plane containerd[101]: time="2023-04-14T12:18:39.245603433Z" level=info msg=serving... address=/run/containerd/containerd.sock.ttrpc
Apr 14 12:18:39 clusterfuck-control-plane containerd[101]: time="2023-04-14T12:18:39.246173380Z" level=info msg=serving... address=/run/containerd/containerd.sock
Apr 14 12:18:39 clusterfuck-control-plane containerd[101]: time="2023-04-14T12:18:39.246229461Z" level=info msg="containerd successfully booted in 0.193711s"
Apr 14 12:18:39 clusterfuck-control-plane containerd[101]: time="2023-04-14T12:18:39.299374918Z" level=warning msg="The image docker.io/kindest/local-path-provisioner:v0.0.23-kind.0@sha256:f2d0a02831ff3a03cf51343226670d5060623b43a4cfc4808bd0875b2c4b9501 is not unpacked."
Apr 14 12:18:39 clusterfuck-control-plane containerd[101]: time="2023-04-14T12:18:39.327909676Z" level=warning msg="The image import-2023-03-30@sha256:3dd2337f70af979c7362b5e52bbdfcb3a5fd39c78d94d02145150cd2db86ba39 is not unpacked."
Apr 14 12:18:39 clusterfuck-control-plane containerd[101]: time="2023-04-14T12:18:39.339006845Z" level=warning msg="The image import-2023-03-30@sha256:44db4d50a5f9c8efbac0d37ea974d1c0419a5928f90748d3d491a041a00c20b5 is not unpacked."
Apr 14 12:18:39 clusterfuck-control-plane containerd[101]: time="2023-04-14T12:18:39.352332465Z" level=warning msg="The image import-2023-03-30@sha256:8dbb345de79d1c44f59a7895da702a5f71997ae72aea056609445c397b0c10dc is not unpacked."
Apr 14 12:18:39 clusterfuck-control-plane containerd[101]: time="2023-04-14T12:18:39.366404613Z" level=warning msg="The image import-2023-03-30@sha256:ba097b515c8c40689733c0f19de377e9bf8995964b7d7150c2045f3dfd166657 is not unpacked."
Apr 14 12:18:39 clusterfuck-control-plane containerd[101]: time="2023-04-14T12:18:39.393194178Z" level=warning msg="The image registry.k8s.io/coredns/coredns:v1.9.3 is not unpacked."
Apr 14 12:18:39 clusterfuck-control-plane containerd[101]: time="2023-04-14T12:18:39.400368178Z" level=warning msg="The image registry.k8s.io/etcd:3.5.6-0 is not unpacked."
Apr 14 12:18:39 clusterfuck-control-plane containerd[101]: time="2023-04-14T12:18:39.409295368Z" level=warning msg="The image registry.k8s.io/kube-apiserver:v1.26.3 is not unpacked."
Apr 14 12:18:39 clusterfuck-control-plane containerd[101]: time="2023-04-14T12:18:39.429626833Z" level=warning msg="The image registry.k8s.io/kube-controller-manager:v1.26.3 is not unpacked."
Apr 14 12:18:39 clusterfuck-control-plane containerd[101]: time="2023-04-14T12:18:39.439579902Z" level=warning msg="The image registry.k8s.io/kube-proxy:v1.26.3 is not unpacked."
Apr 14 12:18:39 clusterfuck-control-plane containerd[101]: time="2023-04-14T12:18:39.444159020Z" level=warning msg="The image registry.k8s.io/kube-scheduler:v1.26.3 is not unpacked."
Apr 14 12:18:39 clusterfuck-control-plane containerd[101]: time="2023-04-14T12:18:39.457649162Z" level=warning msg="The image registry.k8s.io/pause:3.7 is not unpacked."
Apr 14 12:18:39 clusterfuck-control-plane containerd[101]: time="2023-04-14T12:18:39.494083429Z" level=warning msg="The image sha256:221177c6082a88ea4f6240ab2450d540955ac6f4d5454f0e15751b653ebda165 is not unpacked."
Apr 14 12:18:39 clusterfuck-control-plane containerd[101]: time="2023-04-14T12:18:39.496672919Z" level=warning msg="The image sha256:37af659db0ba1408025ceab0e9344dc354a8f38dd9b39875e48b2ad8e2fc3a51 is not unpacked."
Apr 14 12:18:39 clusterfuck-control-plane containerd[101]: time="2023-04-14T12:18:39.504651499Z" level=warning msg="The image sha256:5185b96f0becf59032b8e3646e99f84d9655dff3ac9e2605e0dc77f9c441ae4a is not unpacked."
Apr 14 12:18:39 clusterfuck-control-plane containerd[101]: time="2023-04-14T12:18:39.510019929Z" level=warning msg="The image sha256:801fc1f38fa6cb63d4f64438ed884330e86e4be7504f33702e8edcd6fd2118a8 is not unpacked."
Apr 14 12:18:39 clusterfuck-control-plane containerd[101]: time="2023-04-14T12:18:39.516051051Z" level=warning msg="The image sha256:a329ae3c2c52fe00e9c4eaf48b081cd184ee4bf9aea059e497f4965f0a8deedb is not unpacked."
Apr 14 12:18:39 clusterfuck-control-plane containerd[101]: time="2023-04-14T12:18:39.522004869Z" level=warning msg="The image sha256:c408b2276bb76627a6f633bf0d26052c208ebd51681c6c89866cc9647471c0bc is not unpacked."
Apr 14 12:18:39 clusterfuck-control-plane containerd[101]: time="2023-04-14T12:18:39.535425052Z" level=warning msg="The image sha256:cb77c367deebf699996aef822193e3630ce0fe9202b04f809214ff531718fe47 is not unpacked."
Apr 14 12:18:39 clusterfuck-control-plane containerd[101]: time="2023-04-14T12:18:39.541440256Z" level=warning msg="The image sha256:dec886d0664924af97d276417712f4a065af16e8696ea66afc5a09799e137f8e is not unpacked."
Apr 14 12:18:39 clusterfuck-control-plane containerd[101]: time="2023-04-14T12:18:39.544311876Z" level=warning msg="The image sha256:eb3079d47a23af78d9b29f246a472fd77838412611e8ccb980a911b34663cc12 is not unpacked."
Apr 14 12:18:39 clusterfuck-control-plane containerd[101]: time="2023-04-14T12:18:39.561435459Z" level=warning msg="The image sha256:fce326961ae2d51a5f726883fd59d2a8c2ccc3e45d3bb859882db58e422e59e7 is not unpacked."
Apr 14 12:18:39 clusterfuck-control-plane containerd[101]: time="2023-04-14T12:18:39.571583897Z" level=info msg="Start event monitor"
Apr 14 12:18:39 clusterfuck-control-plane containerd[101]: time="2023-04-14T12:18:39.571713010Z" level=info msg="Start snapshots syncer"
Apr 14 12:18:39 clusterfuck-control-plane containerd[101]: time="2023-04-14T12:18:39.571771774Z" level=info msg="Start cni network conf syncer for default"
Apr 14 12:18:39 clusterfuck-control-plane containerd[101]: time="2023-04-14T12:18:39.571817637Z" level=info msg="Start streaming server"
Apr 14 12:18:49 clusterfuck-control-plane containerd[101]: time="2023-04-14T12:18:49.937504020Z" level=info msg="RunPodSandbox for &PodSandboxMetadata{Name:kube-apiserver-clusterfuck-control-plane,Uid:bc029fa94725104014953f288b5111db,Namespace:kube-system,Attempt:0,}"
Apr 14 12:18:49 clusterfuck-control-plane containerd[101]: time="2023-04-14T12:18:49.953621867Z" level=info msg="RunPodSandbox for &PodSandboxMetadata{Name:etcd-clusterfuck-control-plane,Uid:cf4141b3b06b4295e10fda6cee69dc09,Namespace:kube-system,Attempt:0,}"
Apr 14 12:18:49 clusterfuck-control-plane containerd[101]: time="2023-04-14T12:18:49.957074564Z" level=info msg="RunPodSandbox for &PodSandboxMetadata{Name:kube-controller-manager-clusterfuck-control-plane,Uid:ba2bfe9fab65c7374db97567e0331986,Namespace:kube-system,Attempt:0,}"
Apr 14 12:18:49 clusterfuck-control-plane containerd[101]: time="2023-04-14T12:18:49.959204870Z" level=info msg="RunPodSandbox for &PodSandboxMetadata{Name:kube-scheduler-clusterfuck-control-plane,Uid:52a49c1dda96443061d997ca66c5aae7,Namespace:kube-system,Attempt:0,}"
Apr 14 12:18:50 clusterfuck-control-plane containerd[101]: time="2023-04-14T12:18:50.369255319Z" level=info msg="loading plugin \"io.containerd.event.v1.publisher\"..." runtime=io.containerd.runc.v2 type=io.containerd.event.v1
Apr 14 12:18:50 clusterfuck-control-plane containerd[101]: time="2023-04-14T12:18:50.369315856Z" level=info msg="loading plugin \"io.containerd.internal.v1.shutdown\"..." runtime=io.containerd.runc.v2 type=io.containerd.internal.v1
Apr 14 12:18:50 clusterfuck-control-plane containerd[101]: time="2023-04-14T12:18:50.369325681Z" level=info msg="loading plugin \"io.containerd.ttrpc.v1.task\"..." runtime=io.containerd.runc.v2 type=io.containerd.ttrpc.v1
Apr 14 12:18:50 clusterfuck-control-plane containerd[101]: time="2023-04-14T12:18:50.369644738Z" level=info msg="starting signal loop" namespace=k8s.io path=/run/containerd/io.containerd.runtime.v2.task/k8s.io/35113d4af837d43fbec31cc5c6e730904b6254e24adfeef7510744a6f155b2d1 pid=292 runtime=io.containerd.runc.v2
Apr 14 12:18:50 clusterfuck-control-plane containerd[101]: time="2023-04-14T12:18:50.540960859Z" level=info msg="loading plugin \"io.containerd.event.v1.publisher\"..." runtime=io.containerd.runc.v2 type=io.containerd.event.v1
Apr 14 12:18:50 clusterfuck-control-plane containerd[101]: time="2023-04-14T12:18:50.541011411Z" level=info msg="loading plugin \"io.containerd.internal.v1.shutdown\"..." runtime=io.containerd.runc.v2 type=io.containerd.internal.v1
Apr 14 12:18:50 clusterfuck-control-plane containerd[101]: time="2023-04-14T12:18:50.541021869Z" level=info msg="loading plugin \"io.containerd.ttrpc.v1.task\"..." runtime=io.containerd.runc.v2 type=io.containerd.ttrpc.v1
Apr 14 12:18:50 clusterfuck-control-plane containerd[101]: time="2023-04-14T12:18:50.544042703Z" level=info msg="starting signal loop" namespace=k8s.io path=/run/containerd/io.containerd.runtime.v2.task/k8s.io/9a30716b3c4d450d4ba8f60e7cb7dac1ba95dbae16219150c6ac490b61ba2124 pid=319 runtime=io.containerd.runc.v2
Apr 14 12:18:50 clusterfuck-control-plane containerd[101]: time="2023-04-14T12:18:50.555844611Z" level=info msg="loading plugin \"io.containerd.event.v1.publisher\"..." runtime=io.containerd.runc.v2 type=io.containerd.event.v1
Apr 14 12:18:50 clusterfuck-control-plane containerd[101]: time="2023-04-14T12:18:50.555998906Z" level=info msg="loading plugin \"io.containerd.internal.v1.shutdown\"..." runtime=io.containerd.runc.v2 type=io.containerd.internal.v1
Apr 14 12:18:50 clusterfuck-control-plane containerd[101]: time="2023-04-14T12:18:50.556096647Z" level=info msg="loading plugin \"io.containerd.ttrpc.v1.task\"..." runtime=io.containerd.runc.v2 type=io.containerd.ttrpc.v1
Apr 14 12:18:50 clusterfuck-control-plane containerd[101]: time="2023-04-14T12:18:50.566965295Z" level=info msg="starting signal loop" namespace=k8s.io path=/run/containerd/io.containerd.runtime.v2.task/k8s.io/8d9e7df3676ab59b1cac71c54c2d1b0d203d1aa94e8e87853d07099cc71cb398 pid=328 runtime=io.containerd.runc.v2
Apr 14 12:18:50 clusterfuck-control-plane containerd[101]: time="2023-04-14T12:18:50.651876834Z" level=info msg="loading plugin \"io.containerd.event.v1.publisher\"..." runtime=io.containerd.runc.v2 type=io.containerd.event.v1
Apr 14 12:18:50 clusterfuck-control-plane containerd[101]: time="2023-04-14T12:18:50.651924780Z" level=info msg="loading plugin \"io.containerd.internal.v1.shutdown\"..." runtime=io.containerd.runc.v2 type=io.containerd.internal.v1
Apr 14 12:18:50 clusterfuck-control-plane containerd[101]: time="2023-04-14T12:18:50.651941902Z" level=info msg="loading plugin \"io.containerd.ttrpc.v1.task\"..." runtime=io.containerd.runc.v2 type=io.containerd.ttrpc.v1
Apr 14 12:18:50 clusterfuck-control-plane containerd[101]: time="2023-04-14T12:18:50.652293167Z" level=info msg="starting signal loop" namespace=k8s.io path=/run/containerd/io.containerd.runtime.v2.task/k8s.io/648c2493b7690b719e293e0385fa2137e03480be5773bf5a14decc39240964ff pid=368 runtime=io.containerd.runc.v2
Apr 14 12:18:50 clusterfuck-control-plane containerd[101]: time="2023-04-14T12:18:50.713061791Z" level=info msg="RunPodSandbox for &PodSandboxMetadata{Name:kube-controller-manager-clusterfuck-control-plane,Uid:ba2bfe9fab65c7374db97567e0331986,Namespace:kube-system,Attempt:0,} returns sandbox id \"35113d4af837d43fbec31cc5c6e730904b6254e24adfeef7510744a6f155b2d1\""
Apr 14 12:18:50 clusterfuck-control-plane containerd[101]: time="2023-04-14T12:18:50.729569934Z" level=info msg="CreateContainer within sandbox \"35113d4af837d43fbec31cc5c6e730904b6254e24adfeef7510744a6f155b2d1\" for container &ContainerMetadata{Name:kube-controller-manager,Attempt:0,}"
Apr 14 12:18:51 clusterfuck-control-plane containerd[101]: time="2023-04-14T12:18:51.058143995Z" level=info msg="RunPodSandbox for &PodSandboxMetadata{Name:etcd-clusterfuck-control-plane,Uid:cf4141b3b06b4295e10fda6cee69dc09,Namespace:kube-system,Attempt:0,} returns sandbox id \"8d9e7df3676ab59b1cac71c54c2d1b0d203d1aa94e8e87853d07099cc71cb398\""
Apr 14 12:18:51 clusterfuck-control-plane containerd[101]: time="2023-04-14T12:18:51.058310566Z" level=info msg="RunPodSandbox for &PodSandboxMetadata{Name:kube-apiserver-clusterfuck-control-plane,Uid:bc029fa94725104014953f288b5111db,Namespace:kube-system,Attempt:0,} returns sandbox id \"9a30716b3c4d450d4ba8f60e7cb7dac1ba95dbae16219150c6ac490b61ba2124\""
Apr 14 12:18:51 clusterfuck-control-plane containerd[101]: time="2023-04-14T12:18:51.063768313Z" level=info msg="CreateContainer within sandbox \"9a30716b3c4d450d4ba8f60e7cb7dac1ba95dbae16219150c6ac490b61ba2124\" for container &ContainerMetadata{Name:kube-apiserver,Attempt:0,}"
Apr 14 12:18:51 clusterfuck-control-plane containerd[101]: time="2023-04-14T12:18:51.063977411Z" level=info msg="CreateContainer within sandbox \"8d9e7df3676ab59b1cac71c54c2d1b0d203d1aa94e8e87853d07099cc71cb398\" for container &ContainerMetadata{Name:etcd,Attempt:0,}"
Apr 14 12:18:51 clusterfuck-control-plane containerd[101]: time="2023-04-14T12:18:51.148177193Z" level=info msg="RunPodSandbox for &PodSandboxMetadata{Name:kube-scheduler-clusterfuck-control-plane,Uid:52a49c1dda96443061d997ca66c5aae7,Namespace:kube-system,Attempt:0,} returns sandbox id \"648c2493b7690b719e293e0385fa2137e03480be5773bf5a14decc39240964ff\""
Apr 14 12:18:51 clusterfuck-control-plane containerd[101]: time="2023-04-14T12:18:51.151533314Z" level=info msg="CreateContainer within sandbox \"648c2493b7690b719e293e0385fa2137e03480be5773bf5a14decc39240964ff\" for container &ContainerMetadata{Name:kube-scheduler,Attempt:0,}"
Apr 14 12:18:52 clusterfuck-control-plane containerd[101]: time="2023-04-14T12:18:52.481676987Z" level=info msg="CreateContainer within sandbox \"648c2493b7690b719e293e0385fa2137e03480be5773bf5a14decc39240964ff\" for &ContainerMetadata{Name:kube-scheduler,Attempt:0,} returns container id \"1784b521c7ab2ff76cbaab0c9a6471962b00d111ced7c0cae72d21b9b0dd9de9\""
Apr 14 12:18:52 clusterfuck-control-plane containerd[101]: time="2023-04-14T12:18:52.482267324Z" level=info msg="CreateContainer within sandbox \"35113d4af837d43fbec31cc5c6e730904b6254e24adfeef7510744a6f155b2d1\" for &ContainerMetadata{Name:kube-controller-manager,Attempt:0,} returns container id \"ddebffa0a17beb6b75720f0ae526b21b94f8d2048fa8ae044642c6a606f9ef86\""
Apr 14 12:18:52 clusterfuck-control-plane containerd[101]: time="2023-04-14T12:18:52.482953589Z" level=info msg="StartContainer for \"1784b521c7ab2ff76cbaab0c9a6471962b00d111ced7c0cae72d21b9b0dd9de9\""
Apr 14 12:18:52 clusterfuck-control-plane containerd[101]: time="2023-04-14T12:18:52.509082487Z" level=info msg="StartContainer for \"ddebffa0a17beb6b75720f0ae526b21b94f8d2048fa8ae044642c6a606f9ef86\""
Apr 14 12:18:52 clusterfuck-control-plane containerd[101]: time="2023-04-14T12:18:52.719383831Z" level=info msg="CreateContainer within sandbox \"9a30716b3c4d450d4ba8f60e7cb7dac1ba95dbae16219150c6ac490b61ba2124\" for &ContainerMetadata{Name:kube-apiserver,Attempt:0,} returns container id \"4d861bc483d7fcbaa3de1a286c3d079c41766a44ca6f1eb6a5de67b38581b3f2\""
Apr 14 12:18:52 clusterfuck-control-plane containerd[101]: time="2023-04-14T12:18:52.721183993Z" level=info msg="StartContainer for \"4d861bc483d7fcbaa3de1a286c3d079c41766a44ca6f1eb6a5de67b38581b3f2\""
Apr 14 12:18:52 clusterfuck-control-plane containerd[101]: time="2023-04-14T12:18:52.829408875Z" level=info msg="StartContainer for \"1784b521c7ab2ff76cbaab0c9a6471962b00d111ced7c0cae72d21b9b0dd9de9\" returns successfully"
Apr 14 12:18:52 clusterfuck-control-plane containerd[101]: time="2023-04-14T12:18:52.833644451Z" level=info msg="StartContainer for \"ddebffa0a17beb6b75720f0ae526b21b94f8d2048fa8ae044642c6a606f9ef86\" returns successfully"
Apr 14 12:18:52 clusterfuck-control-plane containerd[101]: time="2023-04-14T12:18:52.986855961Z" level=info msg="StartContainer for \"4d861bc483d7fcbaa3de1a286c3d079c41766a44ca6f1eb6a5de67b38581b3f2\" returns successfully"
Apr 14 12:18:57 clusterfuck-control-plane containerd[101]: time="2023-04-14T12:18:57.252428961Z" level=info msg="CreateContainer within sandbox \"8d9e7df3676ab59b1cac71c54c2d1b0d203d1aa94e8e87853d07099cc71cb398\" for &ContainerMetadata{Name:etcd,Attempt:0,} returns container id \"2bc0639ec4d801f978dd4323ebc4cdcebb5052a0b0bb2e8c54dd9223f14e5301\""
Apr 14 12:18:57 clusterfuck-control-plane containerd[101]: time="2023-04-14T12:18:57.253432303Z" level=info msg="StartContainer for \"2bc0639ec4d801f978dd4323ebc4cdcebb5052a0b0bb2e8c54dd9223f14e5301\""
Apr 14 12:18:57 clusterfuck-control-plane containerd[101]: time="2023-04-14T12:18:57.378204480Z" level=info msg="StartContainer for \"2bc0639ec4d801f978dd4323ebc4cdcebb5052a0b0bb2e8c54dd9223f14e5301\" returns successfully"
Apr 14 12:19:16 clusterfuck-control-plane containerd[101]: time="2023-04-14T12:19:16.887261411Z" level=info msg="No cni config template is specified, wait for other system components to drop the config."
Apr 14 12:19:17 clusterfuck-control-plane containerd[101]: time="2023-04-14T12:19:17.962077865Z" level=info msg="RunPodSandbox for &PodSandboxMetadata{Name:kindnet-blcxg,Uid:0e729414-c583-45f8-a7e3-e6794cf27101,Namespace:kube-system,Attempt:0,}"
Apr 14 12:19:17 clusterfuck-control-plane containerd[101]: time="2023-04-14T12:19:17.971345458Z" level=info msg="RunPodSandbox for &PodSandboxMetadata{Name:kube-proxy-49nl7,Uid:85b97808-cc7f-47bb-86ab-2e2c43ae00fc,Namespace:kube-system,Attempt:0,}"
Apr 14 12:19:17 clusterfuck-control-plane containerd[101]: time="2023-04-14T12:19:17.988380619Z" level=info msg="loading plugin \"io.containerd.event.v1.publisher\"..." runtime=io.containerd.runc.v2 type=io.containerd.event.v1
Apr 14 12:19:17 clusterfuck-control-plane containerd[101]: time="2023-04-14T12:19:17.988587641Z" level=info msg="loading plugin \"io.containerd.internal.v1.shutdown\"..." runtime=io.containerd.runc.v2 type=io.containerd.internal.v1
Apr 14 12:19:17 clusterfuck-control-plane containerd[101]: time="2023-04-14T12:19:17.988599791Z" level=info msg="loading plugin \"io.containerd.ttrpc.v1.task\"..." runtime=io.containerd.runc.v2 type=io.containerd.ttrpc.v1
Apr 14 12:19:17 clusterfuck-control-plane containerd[101]: time="2023-04-14T12:19:17.991947181Z" level=info msg="starting signal loop" namespace=k8s.io path=/run/containerd/io.containerd.runtime.v2.task/k8s.io/88c101c2b4d9597aeb244f0d849255cac7b3096fe53709b079afee3bbd498e17 pid=759 runtime=io.containerd.runc.v2
Apr 14 12:19:18 clusterfuck-control-plane containerd[101]: time="2023-04-14T12:19:18.002320533Z" level=info msg="loading plugin \"io.containerd.event.v1.publisher\"..." runtime=io.containerd.runc.v2 type=io.containerd.event.v1
Apr 14 12:19:18 clusterfuck-control-plane containerd[101]: time="2023-04-14T12:19:18.002364449Z" level=info msg="loading plugin \"io.containerd.internal.v1.shutdown\"..." runtime=io.containerd.runc.v2 type=io.containerd.internal.v1
Apr 14 12:19:18 clusterfuck-control-plane containerd[101]: time="2023-04-14T12:19:18.002376268Z" level=info msg="loading plugin \"io.containerd.ttrpc.v1.task\"..." runtime=io.containerd.runc.v2 type=io.containerd.ttrpc.v1
Apr 14 12:19:18 clusterfuck-control-plane containerd[101]: time="2023-04-14T12:19:18.002873540Z" level=info msg="starting signal loop" namespace=k8s.io path=/run/containerd/io.containerd.runtime.v2.task/k8s.io/1287a0f5a4f7a4a7b9ffd915c666a3195967daa6aa2b25e58f3eb6919c1f0ca1 pid=780 runtime=io.containerd.runc.v2
Apr 14 12:19:18 clusterfuck-control-plane containerd[101]: time="2023-04-14T12:19:18.065710191Z" level=info msg="RunPodSandbox for &PodSandboxMetadata{Name:kube-proxy-49nl7,Uid:85b97808-cc7f-47bb-86ab-2e2c43ae00fc,Namespace:kube-system,Attempt:0,} returns sandbox id \"1287a0f5a4f7a4a7b9ffd915c666a3195967daa6aa2b25e58f3eb6919c1f0ca1\""
Apr 14 12:19:18 clusterfuck-control-plane containerd[101]: time="2023-04-14T12:19:18.068656040Z" level=info msg="CreateContainer within sandbox \"1287a0f5a4f7a4a7b9ffd915c666a3195967daa6aa2b25e58f3eb6919c1f0ca1\" for container &ContainerMetadata{Name:kube-proxy,Attempt:0,}"
Apr 14 12:19:18 clusterfuck-control-plane containerd[101]: time="2023-04-14T12:19:18.246817679Z" level=info msg="RunPodSandbox for &PodSandboxMetadata{Name:kindnet-blcxg,Uid:0e729414-c583-45f8-a7e3-e6794cf27101,Namespace:kube-system,Attempt:0,} returns sandbox id \"88c101c2b4d9597aeb244f0d849255cac7b3096fe53709b079afee3bbd498e17\""
Apr 14 12:19:18 clusterfuck-control-plane containerd[101]: time="2023-04-14T12:19:18.252892791Z" level=info msg="PullImage \"docker.io/kindest/kindnetd:v20230330-48f316cd@sha256:c19d6362a6a928139820761475a38c24c0cf84d507b9ddf414a078cf627497af\""
Apr 14 12:19:18 clusterfuck-control-plane containerd[101]: time="2023-04-14T12:19:18.752342215Z" level=info msg="CreateContainer within sandbox \"1287a0f5a4f7a4a7b9ffd915c666a3195967daa6aa2b25e58f3eb6919c1f0ca1\" for &ContainerMetadata{Name:kube-proxy,Attempt:0,} returns container id \"2cea9f3dec6e506522170efa044fef288bda250b301a2e6290dca8f85f953da8\""
Apr 14 12:19:18 clusterfuck-control-plane containerd[101]: time="2023-04-14T12:19:18.756097792Z" level=info msg="StartContainer for \"2cea9f3dec6e506522170efa044fef288bda250b301a2e6290dca8f85f953da8\""
Apr 14 12:19:18 clusterfuck-control-plane containerd[101]: time="2023-04-14T12:19:18.859251850Z" level=info msg="StartContainer for \"2cea9f3dec6e506522170efa044fef288bda250b301a2e6290dca8f85f953da8\" returns successfully"
Apr 14 12:19:20 clusterfuck-control-plane containerd[101]: time="2023-04-14T12:19:20.971907729Z" level=info msg="ImageCreate event &ImageCreate{Name:docker.io/kindest/kindnetd@sha256:c19d6362a6a928139820761475a38c24c0cf84d507b9ddf414a078cf627497af,Labels:map[string]string{io.cri-containerd.image: managed,},XXX_unrecognized:[],}"
Apr 14 12:19:20 clusterfuck-control-plane containerd[101]: time="2023-04-14T12:19:20.975864613Z" level=info msg="ImageUpdate event &ImageUpdate{Name:sha256:a329ae3c2c52fe00e9c4eaf48b081cd184ee4bf9aea059e497f4965f0a8deedb,Labels:map[string]string{io.cri-containerd.image: managed,},XXX_unrecognized:[],}"
Apr 14 12:19:20 clusterfuck-control-plane containerd[101]: time="2023-04-14T12:19:20.981351419Z" level=info msg="ImageUpdate event &ImageUpdate{Name:docker.io/kindest/kindnetd@sha256:c19d6362a6a928139820761475a38c24c0cf84d507b9ddf414a078cf627497af,Labels:map[string]string{io.cri-containerd.image: managed,},XXX_unrecognized:[],}"
Apr 14 12:19:20 clusterfuck-control-plane containerd[101]: time="2023-04-14T12:19:20.982846857Z" level=info msg="PullImage \"docker.io/kindest/kindnetd:v20230330-48f316cd@sha256:c19d6362a6a928139820761475a38c24c0cf84d507b9ddf414a078cf627497af\" returns image reference \"sha256:a329ae3c2c52fe00e9c4eaf48b081cd184ee4bf9aea059e497f4965f0a8deedb\""
Apr 14 12:19:20 clusterfuck-control-plane containerd[101]: time="2023-04-14T12:19:20.997420791Z" level=info msg="CreateContainer within sandbox \"88c101c2b4d9597aeb244f0d849255cac7b3096fe53709b079afee3bbd498e17\" for container &ContainerMetadata{Name:kindnet-cni,Attempt:0,}"
Apr 14 12:19:21 clusterfuck-control-plane containerd[101]: time="2023-04-14T12:19:21.023627761Z" level=info msg="CreateContainer within sandbox \"88c101c2b4d9597aeb244f0d849255cac7b3096fe53709b079afee3bbd498e17\" for &ContainerMetadata{Name:kindnet-cni,Attempt:0,} returns container id \"e62ec477a1ec64dc87a92c745d055d96fa2d7ef29b41304df3d1623d73331dd6\""
Apr 14 12:19:21 clusterfuck-control-plane containerd[101]: time="2023-04-14T12:19:21.026535286Z" level=info msg="StartContainer for \"e62ec477a1ec64dc87a92c745d055d96fa2d7ef29b41304df3d1623d73331dd6\""
Apr 14 12:19:21 clusterfuck-control-plane containerd[101]: time="2023-04-14T12:19:21.584600925Z" level=info msg="StartContainer for \"e62ec477a1ec64dc87a92c745d055d96fa2d7ef29b41304df3d1623d73331dd6\" returns successfully"
Apr 14 12:19:22 clusterfuck-control-plane containerd[101]: time="2023-04-14T12:19:22.108567279Z" level=error msg="failed to reload cni configuration after receiving fs change event(\"/etc/cni/net.d/10-kindnet.conflist.temp\": WRITE)" error="cni config load failed: no network config found in /etc/cni/net.d: cni plugin not initialized: failed to load cni config"
Apr 14 12:19:22 clusterfuck-control-plane containerd[101]: time="2023-04-14T12:19:22.109378707Z" level=error msg="failed to reload cni configuration after receiving fs change event(\"/etc/cni/net.d/10-kindnet.conflist.temp\": WRITE)" error="cni config load failed: no network config found in /etc/cni/net.d: cni plugin not initialized: failed to load cni config"
Apr 14 12:19:22 clusterfuck-control-plane containerd[101]: time="2023-04-14T12:19:22.622272548Z" level=info msg="RunPodSandbox for &PodSandboxMetadata{Name:local-path-provisioner-75f5b54ffd-q6wb9,Uid:d88d469e-6d93-4bb0-8d5e-83f2e7dab652,Namespace:local-path-storage,Attempt:0,}"
Apr 14 12:19:22 clusterfuck-control-plane containerd[101]: time="2023-04-14T12:19:22.698063448Z" level=info msg="loading plugin \"io.containerd.event.v1.publisher\"..." runtime=io.containerd.runc.v2 type=io.containerd.event.v1
Apr 14 12:19:22 clusterfuck-control-plane containerd[101]: time="2023-04-14T12:19:22.698192560Z" level=info msg="loading plugin \"io.containerd.internal.v1.shutdown\"..." runtime=io.containerd.runc.v2 type=io.containerd.internal.v1
Apr 14 12:19:22 clusterfuck-control-plane containerd[101]: time="2023-04-14T12:19:22.698219801Z" level=info msg="loading plugin \"io.containerd.ttrpc.v1.task\"..." runtime=io.containerd.runc.v2 type=io.containerd.ttrpc.v1
Apr 14 12:19:22 clusterfuck-control-plane containerd[101]: time="2023-04-14T12:19:22.699923966Z" level=info msg="starting signal loop" namespace=k8s.io path=/run/containerd/io.containerd.runtime.v2.task/k8s.io/1131ad6f26f61b33c7609ef55c440c1d37856423117b48bb2128d0d2730709f2 pid=1093 runtime=io.containerd.runc.v2
Apr 14 12:19:23 clusterfuck-control-plane containerd[101]: time="2023-04-14T12:19:23.052340173Z" level=info msg="RunPodSandbox for &PodSandboxMetadata{Name:local-path-provisioner-75f5b54ffd-q6wb9,Uid:d88d469e-6d93-4bb0-8d5e-83f2e7dab652,Namespace:local-path-storage,Attempt:0,} returns sandbox id \"1131ad6f26f61b33c7609ef55c440c1d37856423117b48bb2128d0d2730709f2\""
Apr 14 12:19:23 clusterfuck-control-plane containerd[101]: time="2023-04-14T12:19:23.057118909Z" level=info msg="PullImage \"docker.io/kindest/local-path-provisioner:v0.0.23-kind.0@sha256:f2d0a02831ff3a03cf51343226670d5060623b43a4cfc4808bd0875b2c4b9501\""
Apr 14 12:19:23 clusterfuck-control-plane containerd[101]: time="2023-04-14T12:19:23.184375346Z" level=info msg="RunPodSandbox for &PodSandboxMetadata{Name:coredns-787d4945fb-jt4g6,Uid:2cccd300-ad54-43eb-a30e-7e46e0a5546f,Namespace:kube-system,Attempt:0,}"
Apr 14 12:19:23 clusterfuck-control-plane containerd[101]: time="2023-04-14T12:19:23.202118721Z" level=info msg="RunPodSandbox for &PodSandboxMetadata{Name:coredns-787d4945fb-cgh87,Uid:1163697a-ed1d-465b-842a-e45b59a37413,Namespace:kube-system,Attempt:0,}"
Apr 14 12:19:23 clusterfuck-control-plane containerd[101]: time="2023-04-14T12:19:23.240534710Z" level=info msg="loading plugin \"io.containerd.event.v1.publisher\"..." runtime=io.containerd.runc.v2 type=io.containerd.event.v1
Apr 14 12:19:23 clusterfuck-control-plane containerd[101]: time="2023-04-14T12:19:23.240600692Z" level=info msg="loading plugin \"io.containerd.internal.v1.shutdown\"..." runtime=io.containerd.runc.v2 type=io.containerd.internal.v1
Apr 14 12:19:23 clusterfuck-control-plane containerd[101]: time="2023-04-14T12:19:23.240612269Z" level=info msg="loading plugin \"io.containerd.ttrpc.v1.task\"..." runtime=io.containerd.runc.v2 type=io.containerd.ttrpc.v1
Apr 14 12:19:23 clusterfuck-control-plane containerd[101]: time="2023-04-14T12:19:23.240828616Z" level=info msg="starting signal loop" namespace=k8s.io path=/run/containerd/io.containerd.runtime.v2.task/k8s.io/6690cd60900d951f619e37c180b3cd8a21d33691ffe6fe1f2425e5df1940bfcc pid=1172 runtime=io.containerd.runc.v2
Apr 14 12:19:23 clusterfuck-control-plane containerd[101]: time="2023-04-14T12:19:23.255368249Z" level=info msg="loading plugin \"io.containerd.event.v1.publisher\"..." runtime=io.containerd.runc.v2 type=io.containerd.event.v1
Apr 14 12:19:23 clusterfuck-control-plane containerd[101]: time="2023-04-14T12:19:23.255674846Z" level=info msg="loading plugin \"io.containerd.internal.v1.shutdown\"..." runtime=io.containerd.runc.v2 type=io.containerd.internal.v1
Apr 14 12:19:23 clusterfuck-control-plane containerd[101]: time="2023-04-14T12:19:23.255916493Z" level=info msg="loading plugin \"io.containerd.ttrpc.v1.task\"..." runtime=io.containerd.runc.v2 type=io.containerd.ttrpc.v1
Apr 14 12:19:23 clusterfuck-control-plane containerd[101]: time="2023-04-14T12:19:23.256170781Z" level=info msg="starting signal loop" namespace=k8s.io path=/run/containerd/io.containerd.runtime.v2.task/k8s.io/cc83e9adbf730d9538a1bf4a4cc4fecf35c72f86cf0278726cbdaa857b31156d pid=1202 runtime=io.containerd.runc.v2
Apr 14 12:19:23 clusterfuck-control-plane containerd[101]: time="2023-04-14T12:19:23.333023932Z" level=info msg="RunPodSandbox for &PodSandboxMetadata{Name:coredns-787d4945fb-jt4g6,Uid:2cccd300-ad54-43eb-a30e-7e46e0a5546f,Namespace:kube-system,Attempt:0,} returns sandbox id \"6690cd60900d951f619e37c180b3cd8a21d33691ffe6fe1f2425e5df1940bfcc\""
Apr 14 12:19:23 clusterfuck-control-plane containerd[101]: time="2023-04-14T12:19:23.336979397Z" level=info msg="CreateContainer within sandbox \"6690cd60900d951f619e37c180b3cd8a21d33691ffe6fe1f2425e5df1940bfcc\" for container &ContainerMetadata{Name:coredns,Attempt:0,}"
Apr 14 12:19:23 clusterfuck-control-plane containerd[101]: time="2023-04-14T12:19:23.364273497Z" level=info msg="RunPodSandbox for &PodSandboxMetadata{Name:coredns-787d4945fb-cgh87,Uid:1163697a-ed1d-465b-842a-e45b59a37413,Namespace:kube-system,Attempt:0,} returns sandbox id \"cc83e9adbf730d9538a1bf4a4cc4fecf35c72f86cf0278726cbdaa857b31156d\""
Apr 14 12:19:23 clusterfuck-control-plane containerd[101]: time="2023-04-14T12:19:23.369461301Z" level=info msg="CreateContainer within sandbox \"cc83e9adbf730d9538a1bf4a4cc4fecf35c72f86cf0278726cbdaa857b31156d\" for container &ContainerMetadata{Name:coredns,Attempt:0,}"
Apr 14 12:19:25 clusterfuck-control-plane containerd[101]: time="2023-04-14T12:19:25.109954863Z" level=info msg="CreateContainer within sandbox \"cc83e9adbf730d9538a1bf4a4cc4fecf35c72f86cf0278726cbdaa857b31156d\" for &ContainerMetadata{Name:coredns,Attempt:0,} returns container id \"238cde4af934f5a084c465d96d66acabdcafebc0358edc71fe7dd7420b8ee31f\""
Apr 14 12:19:25 clusterfuck-control-plane containerd[101]: time="2023-04-14T12:19:25.111803497Z" level=info msg="StartContainer for \"238cde4af934f5a084c465d96d66acabdcafebc0358edc71fe7dd7420b8ee31f\""
Apr 14 12:19:25 clusterfuck-control-plane containerd[101]: time="2023-04-14T12:19:25.131571980Z" level=info msg="CreateContainer within sandbox \"6690cd60900d951f619e37c180b3cd8a21d33691ffe6fe1f2425e5df1940bfcc\" for &ContainerMetadata{Name:coredns,Attempt:0,} returns container id \"33986cc235537d73fea9eea05f098b903de00f4efa42e08a5c4c0b8d2e6f5fac\""
Apr 14 12:19:25 clusterfuck-control-plane containerd[101]: time="2023-04-14T12:19:25.133266687Z" level=info msg="StartContainer for \"33986cc235537d73fea9eea05f098b903de00f4efa42e08a5c4c0b8d2e6f5fac\""
Apr 14 12:19:25 clusterfuck-control-plane containerd[101]: time="2023-04-14T12:19:25.286565685Z" level=info msg="StartContainer for \"238cde4af934f5a084c465d96d66acabdcafebc0358edc71fe7dd7420b8ee31f\" returns successfully"
Apr 14 12:19:25 clusterfuck-control-plane containerd[101]: time="2023-04-14T12:19:25.328329768Z" level=info msg="StartContainer for \"33986cc235537d73fea9eea05f098b903de00f4efa42e08a5c4c0b8d2e6f5fac\" returns successfully"
Apr 14 12:19:26 clusterfuck-control-plane containerd[101]: time="2023-04-14T12:19:26.566078434Z" level=info msg="ImageCreate event &ImageCreate{Name:docker.io/kindest/local-path-provisioner@sha256:f2d0a02831ff3a03cf51343226670d5060623b43a4cfc4808bd0875b2c4b9501,Labels:map[string]string{io.cri-containerd.image: managed,},XXX_unrecognized:[],}"
Apr 14 12:19:26 clusterfuck-control-plane containerd[101]: time="2023-04-14T12:19:26.571327861Z" level=info msg="ImageUpdate event &ImageUpdate{Name:sha256:c408b2276bb76627a6f633bf0d26052c208ebd51681c6c89866cc9647471c0bc,Labels:map[string]string{io.cri-containerd.image: managed,},XXX_unrecognized:[],}"
Apr 14 12:19:26 clusterfuck-control-plane containerd[101]: time="2023-04-14T12:19:26.574147454Z" level=info msg="ImageUpdate event &ImageUpdate{Name:docker.io/kindest/local-path-provisioner@sha256:f2d0a02831ff3a03cf51343226670d5060623b43a4cfc4808bd0875b2c4b9501,Labels:map[string]string{io.cri-containerd.image: managed,},XXX_unrecognized:[],}"
Apr 14 12:19:26 clusterfuck-control-plane containerd[101]: time="2023-04-14T12:19:26.574825867Z" level=info msg="PullImage \"docker.io/kindest/local-path-provisioner:v0.0.23-kind.0@sha256:f2d0a02831ff3a03cf51343226670d5060623b43a4cfc4808bd0875b2c4b9501\" returns image reference \"sha256:c408b2276bb76627a6f633bf0d26052c208ebd51681c6c89866cc9647471c0bc\""
Apr 14 12:19:26 clusterfuck-control-plane containerd[101]: time="2023-04-14T12:19:26.577576562Z" level=info msg="CreateContainer within sandbox \"1131ad6f26f61b33c7609ef55c440c1d37856423117b48bb2128d0d2730709f2\" for container &ContainerMetadata{Name:local-path-provisioner,Attempt:0,}"
Apr 14 12:19:26 clusterfuck-control-plane containerd[101]: time="2023-04-14T12:19:26.600592453Z" level=info msg="CreateContainer within sandbox \"1131ad6f26f61b33c7609ef55c440c1d37856423117b48bb2128d0d2730709f2\" for &ContainerMetadata{Name:local-path-provisioner,Attempt:0,} returns container id \"49cfbec26b20ca55bd4cadbeb70bc4cc8bdbdaf53c14b953c29d4a878cae863b\""
Apr 14 12:19:26 clusterfuck-control-plane containerd[101]: time="2023-04-14T12:19:26.601546588Z" level=info msg="StartContainer for \"49cfbec26b20ca55bd4cadbeb70bc4cc8bdbdaf53c14b953c29d4a878cae863b\""
Apr 14 12:19:26 clusterfuck-control-plane containerd[101]: time="2023-04-14T12:19:26.964703008Z" level=info msg="StartContainer for \"49cfbec26b20ca55bd4cadbeb70bc4cc8bdbdaf53c14b953c29d4a878cae863b\" returns successfully"
